Results of pylint linter (version 3.3.7)
See documentation on https://megalinter.io/8.8.0/descriptors/python_pylint/
-----------------------------------------------

❌ [ERROR] scripts/audit_megalinter_config.py
    ************* Module audit_megalinter_config
    scripts/audit_megalinter_config.py:11:0: E0401: Unable to import 'yaml' (import-error)
    scripts/audit_megalinter_config.py:147:15: W0718: Catching too general exception Exception (broad-exception-caught)
    scripts/audit_megalinter_config.py:360:4: W0612: Unused variable 'success' (unused-variable)
    scripts/audit_megalinter_config.py:12:0: C0411: standard import "pathlib.Path" should be placed before third party import "yaml" (wrong-import-order)
    scripts/audit_megalinter_config.py:13:0: C0411: standard import "typing.Dict" should be placed before third party import "yaml" (wrong-import-order)
    scripts/audit_megalinter_config.py:14:0: C0411: standard import "datetime.datetime" should be placed before third party import "yaml" (wrong-import-order)
    scripts/audit_megalinter_config.py:13:0: W0611: Unused Set imported from typing (unused-import)
    
    -----------------------------------
    Your code has been rated at 9.24/10

❌ [ERROR] scripts/comprehensive-audit.py
    ************* Module comprehensive-audit
    scripts/comprehensive-audit.py:28:0: C0303: Trailing whitespace (trailing-whitespace)
    scripts/comprehensive-audit.py:34:0: C0303: Trailing whitespace (trailing-whitespace)
    scripts/comprehensive-audit.py:38:0: C0303: Trailing whitespace (trailing-whitespace)
    scripts/comprehensive-audit.py:42:0: C0303: Trailing whitespace (trailing-whitespace)
    scripts/comprehensive-audit.py:47:0: C0303: Trailing whitespace (trailing-whitespace)
    scripts/comprehensive-audit.py:52:0: C0303: Trailing whitespace (trailing-whitespace)
    scripts/comprehensive-audit.py:56:0: C0303: Trailing whitespace (trailing-whitespace)
    scripts/comprehensive-audit.py:60:0: C0303: Trailing whitespace (trailing-whitespace)
    scripts/comprehensive-audit.py:78:0: C0303: Trailing whitespace (trailing-whitespace)
    scripts/comprehensive-audit.py:81:0: C0303: Trailing whitespace (trailing-whitespace)
    scripts/comprehensive-audit.py:84:0: C0303: Trailing whitespace (trailing-whitespace)
    scripts/comprehensive-audit.py:88:0: C0303: Trailing whitespace (trailing-whitespace)
    scripts/comprehensive-audit.py:92:0: C0303: Trailing whitespace (trailing-whitespace)
    scripts/comprehensive-audit.py:95:0: C0303: Trailing whitespace (trailing-whitespace)
    scripts/comprehensive-audit.py:99:0: C0303: Trailing whitespace (trailing-whitespace)
    scripts/comprehensive-audit.py:105:0: C0303: Trailing whitespace (trailing-whitespace)
    scripts/comprehensive-audit.py:112:0: C0303: Trailing whitespace (trailing-whitespace)
    scripts/comprehensive-audit.py:114:0: C0303: Trailing whitespace (trailing-whitespace)
    scripts/comprehensive-audit.py:117:0: C0303: Trailing whitespace (trailing-whitespace)
    scripts/comprehensive-audit.py:126:0: C0303: Trailing whitespace (trailing-whitespace)
    scripts/comprehensive-audit.py:171:0: C0303: Trailing whitespace (trailing-whitespace)
    scripts/comprehensive-audit.py:175:0: C0303: Trailing whitespace (trailing-whitespace)
    scripts/comprehensive-audit.py:178:0: C0303: Trailing whitespace (trailing-whitespace)
    scripts/comprehensive-audit.py:184:0: C0303: Trailing whitespace (trailing-whitespace)
    scripts/comprehensive-audit.py:199:0: C0303: Trailing whitespace (trailing-whitespace)
    scripts/comprehensive-audit.py:207:0: C0303: Trailing whitespace (trailing-whitespace)
    scripts/comprehensive-audit.py:213:0: C0303: Trailing whitespace (trailing-whitespace)
    scripts/comprehensive-audit.py:226:0: C0303: Trailing whitespace (trailing-whitespace)
    scripts/comprehensive-audit.py:228:0: C0301: Line too long (125/100) (line-too-long)
    scripts/comprehensive-audit.py:229:0: C0303: Trailing whitespace (trailing-whitespace)
    scripts/comprehensive-audit.py:238:0: C0303: Trailing whitespace (trailing-whitespace)
    scripts/comprehensive-audit.py:240:0: C0303: Trailing whitespace (trailing-whitespace)
    scripts/comprehensive-audit.py:245:0: C0303: Trailing whitespace (trailing-whitespace)
    scripts/comprehensive-audit.py:248:0: C0303: Trailing whitespace (trailing-whitespace)
    scripts/comprehensive-audit.py:259:0: C0303: Trailing whitespace (trailing-whitespace)
    scripts/comprehensive-audit.py:264:0: C0303: Trailing whitespace (trailing-whitespace)
    scripts/comprehensive-audit.py:269:0: C0303: Trailing whitespace (trailing-whitespace)
    scripts/comprehensive-audit.py:280:0: C0303: Trailing whitespace (trailing-whitespace)
    scripts/comprehensive-audit.py:285:0: C0303: Trailing whitespace (trailing-whitespace)
    scripts/comprehensive-audit.py:289:0: C0303: Trailing whitespace (trailing-whitespace)
    scripts/comprehensive-audit.py:293:0: C0303: Trailing whitespace (trailing-whitespace)
    scripts/comprehensive-audit.py:298:0: C0303: Trailing whitespace (trailing-whitespace)
    scripts/comprehensive-audit.py:306:0: C0303: Trailing whitespace (trailing-whitespace)
    scripts/comprehensive-audit.py:310:0: C0303: Trailing whitespace (trailing-whitespace)
    scripts/comprehensive-audit.py:314:0: C0303: Trailing whitespace (trailing-whitespace)
    scripts/comprehensive-audit.py:323:0: C0303: Trailing whitespace (trailing-whitespace)
    scripts/comprehensive-audit.py:333:0: C0303: Trailing whitespace (trailing-whitespace)
    scripts/comprehensive-audit.py:343:0: C0303: Trailing whitespace (trailing-whitespace)
    scripts/comprehensive-audit.py:352:0: C0303: Trailing whitespace (trailing-whitespace)
    scripts/comprehensive-audit.py:362:0: C0303: Trailing whitespace (trailing-whitespace)
    scripts/comprehensive-audit.py:370:0: C0303: Trailing whitespace (trailing-whitespace)
    scripts/comprehensive-audit.py:374:0: C0303: Trailing whitespace (trailing-whitespace)
    scripts/comprehensive-audit.py:381:0: C0303: Trailing whitespace (trailing-whitespace)
    scripts/comprehensive-audit.py:388:0: C0303: Trailing whitespace (trailing-whitespace)
    scripts/comprehensive-audit.py:393:0: C0303: Trailing whitespace (trailing-whitespace)
    scripts/comprehensive-audit.py:396:0: C0303: Trailing whitespace (trailing-whitespace)
    scripts/comprehensive-audit.py:399:0: C0303: Trailing whitespace (trailing-whitespace)
    scripts/comprehensive-audit.py:405:0: C0303: Trailing whitespace (trailing-whitespace)
    scripts/comprehensive-audit.py:413:0: C0303: Trailing whitespace (trailing-whitespace)
    scripts/comprehensive-audit.py:422:0: C0303: Trailing whitespace (trailing-whitespace)
    scripts/comprehensive-audit.py:425:0: C0303: Trailing whitespace (trailing-whitespace)
    scripts/comprehensive-audit.py:428:0: C0303: Trailing whitespace (trailing-whitespace)
    scripts/comprehensive-audit.py:431:0: C0303: Trailing whitespace (trailing-whitespace)
    scripts/comprehensive-audit.py:436:0: C0303: Trailing whitespace (trailing-whitespace)
    scripts/comprehensive-audit.py:440:0: C0303: Trailing whitespace (trailing-whitespace)
    scripts/comprehensive-audit.py:444:0: C0303: Trailing whitespace (trailing-whitespace)
    scripts/comprehensive-audit.py:448:0: C0303: Trailing whitespace (trailing-whitespace)
    scripts/comprehensive-audit.py:452:0: C0303: Trailing whitespace (trailing-whitespace)
    scripts/comprehensive-audit.py:454:0: C0303: Trailing whitespace (trailing-whitespace)
    scripts/comprehensive-audit.py:457:0: C0303: Trailing whitespace (trailing-whitespace)
    scripts/comprehensive-audit.py:464:0: C0303: Trailing whitespace (trailing-whitespace)
    scripts/comprehensive-audit.py:473:0: C0303: Trailing whitespace (trailing-whitespace)
    scripts/comprehensive-audit.py:478:0: C0303: Trailing whitespace (trailing-whitespace)
    scripts/comprehensive-audit.py:481:0: C0303: Trailing whitespace (trailing-whitespace)
    scripts/comprehensive-audit.py:484:0: C0303: Trailing whitespace (trailing-whitespace)
    scripts/comprehensive-audit.py:488:0: C0303: Trailing whitespace (trailing-whitespace)
    scripts/comprehensive-audit.py:495:0: C0303: Trailing whitespace (trailing-whitespace)
    scripts/comprehensive-audit.py:502:0: C0303: Trailing whitespace (trailing-whitespace)
    scripts/comprehensive-audit.py:507:0: C0303: Trailing whitespace (trailing-whitespace)
    scripts/comprehensive-audit.py:518:0: C0303: Trailing whitespace (trailing-whitespace)
    scripts/comprehensive-audit.py:521:0: C0303: Trailing whitespace (trailing-whitespace)
    scripts/comprehensive-audit.py:532:0: C0303: Trailing whitespace (trailing-whitespace)
    scripts/comprehensive-audit.py:542:0: C0303: Trailing whitespace (trailing-whitespace)
    scripts/comprehensive-audit.py:547:0: C0303: Trailing whitespace (trailing-whitespace)
    scripts/comprehensive-audit.py:550:0: C0303: Trailing whitespace (trailing-whitespace)
    scripts/comprehensive-audit.py:1:0: C0103: Module name "comprehensive-audit" doesn't conform to snake_case naming style (invalid-name)
    scripts/comprehensive-audit.py:63:13: W1514: Using open without explicitly specifying an encoding (unspecified-encoding)
    scripts/comprehensive-audit.py:64:20: W1309: Using an f-string that does not have any interpolated variables (f-string-without-interpolation)
    scripts/comprehensive-audit.py:115:15: W0718: Catching too general exception Exception (broad-exception-caught)
    scripts/comprehensive-audit.py:86:17: W1514: Using open without explicitly specifying an encoding (unspecified-encoding)
    scripts/comprehensive-audit.py:122:0: R0914: Too many local variables (20/15) (too-many-locals)
    scripts/comprehensive-audit.py:197:19: W0718: Catching too general exception Exception (broad-exception-caught)
    scripts/comprehensive-audit.py:193:21: W1514: Using open without explicitly specifying an encoding (unspecified-encoding)
    scripts/comprehensive-audit.py:218:17: W1514: Using open without explicitly specifying an encoding (unspecified-encoding)
    scripts/comprehensive-audit.py:246:9: W1514: Using open without explicitly specifying an encoding (unspecified-encoding)
    scripts/comprehensive-audit.py:307:9: W1514: Using open without explicitly specifying an encoding (unspecified-encoding)
    scripts/comprehensive-audit.py:325:21: W1510: 'subprocess.run' used without explicitly defining the value for 'check'. (subprocess-run-check)
    scripts/comprehensive-audit.py:337:17: W1510: 'subprocess.run' used without explicitly defining the value for 'check'. (subprocess-run-check)
    scripts/comprehensive-audit.py:379:17: W1514: Using open without explicitly specifying an encoding (unspecified-encoding)
    scripts/comprehensive-audit.py:408:21: W1514: Using open without explicitly specifying an encoding (unspecified-encoding)
    scripts/comprehensive-audit.py:409:20: W0612: Unused variable 'schema' (unused-variable)
    scripts/comprehensive-audit.py:455:15: W0718: Catching too general exception Exception (broad-exception-caught)
    scripts/comprehensive-audit.py:434:17: W1514: Using open without explicitly specifying an encoding (unspecified-encoding)
    scripts/comprehensive-audit.py:505:15: W0718: Catching too general exception Exception (broad-exception-caught)
    scripts/comprehensive-audit.py:486:17: W1514: Using open without explicitly specifying an encoding (unspecified-encoding)
    scripts/comprehensive-audit.py:11:0: W0611: Unused import sys (unused-import)
    scripts/comprehensive-audit.py:14:0: W0611: Unused Dict imported from typing (unused-import)
    scripts/comprehensive-audit.py:14:0: W0611: Unused List imported from typing (unused-import)
    scripts/comprehensive-audit.py:14:0: W0611: Unused Tuple imported from typing (unused-import)
    
    -----------------------------------
    Your code has been rated at 6.52/10

❌ [ERROR] scripts/fetch-developer-stats.py
    ************* Module fetch-developer-stats
    scripts/fetch-developer-stats.py:133:0: C0301: Line too long (106/100) (line-too-long)
    scripts/fetch-developer-stats.py:153:0: C0303: Trailing whitespace (trailing-whitespace)
    scripts/fetch-developer-stats.py:159:0: C0303: Trailing whitespace (trailing-whitespace)
    scripts/fetch-developer-stats.py:166:0: C0303: Trailing whitespace (trailing-whitespace)
    scripts/fetch-developer-stats.py:186:0: C0301: Line too long (114/100) (line-too-long)
    scripts/fetch-developer-stats.py:190:0: C0303: Trailing whitespace (trailing-whitespace)
    scripts/fetch-developer-stats.py:200:0: C0303: Trailing whitespace (trailing-whitespace)
    scripts/fetch-developer-stats.py:211:0: C0303: Trailing whitespace (trailing-whitespace)
    scripts/fetch-developer-stats.py:220:0: C0303: Trailing whitespace (trailing-whitespace)
    scripts/fetch-developer-stats.py:229:0: C0303: Trailing whitespace (trailing-whitespace)
    scripts/fetch-developer-stats.py:234:0: C0303: Trailing whitespace (trailing-whitespace)
    scripts/fetch-developer-stats.py:245:0: C0303: Trailing whitespace (trailing-whitespace)
    scripts/fetch-developer-stats.py:252:0: C0301: Line too long (118/100) (line-too-long)
    scripts/fetch-developer-stats.py:255:0: C0303: Trailing whitespace (trailing-whitespace)
    scripts/fetch-developer-stats.py:260:0: C0303: Trailing whitespace (trailing-whitespace)
    scripts/fetch-developer-stats.py:268:0: C0303: Trailing whitespace (trailing-whitespace)
    scripts/fetch-developer-stats.py:282:0: C0303: Trailing whitespace (trailing-whitespace)
    scripts/fetch-developer-stats.py:284:0: C0303: Trailing whitespace (trailing-whitespace)
    scripts/fetch-developer-stats.py:290:0: C0303: Trailing whitespace (trailing-whitespace)
    scripts/fetch-developer-stats.py:294:0: C0303: Trailing whitespace (trailing-whitespace)
    scripts/fetch-developer-stats.py:298:0: C0303: Trailing whitespace (trailing-whitespace)
    scripts/fetch-developer-stats.py:303:0: C0303: Trailing whitespace (trailing-whitespace)
    scripts/fetch-developer-stats.py:308:0: C0303: Trailing whitespace (trailing-whitespace)
    scripts/fetch-developer-stats.py:311:0: C0303: Trailing whitespace (trailing-whitespace)
    scripts/fetch-developer-stats.py:315:0: C0303: Trailing whitespace (trailing-whitespace)
    scripts/fetch-developer-stats.py:318:0: C0303: Trailing whitespace (trailing-whitespace)
    scripts/fetch-developer-stats.py:341:0: C0303: Trailing whitespace (trailing-whitespace)
    scripts/fetch-developer-stats.py:349:0: C0303: Trailing whitespace (trailing-whitespace)
    scripts/fetch-developer-stats.py:366:0: C0303: Trailing whitespace (trailing-whitespace)
    scripts/fetch-developer-stats.py:381:0: C0303: Trailing whitespace (trailing-whitespace)
    scripts/fetch-developer-stats.py:383:0: C0303: Trailing whitespace (trailing-whitespace)
    scripts/fetch-developer-stats.py:386:0: C0303: Trailing whitespace (trailing-whitespace)
    scripts/fetch-developer-stats.py:389:0: C0303: Trailing whitespace (trailing-whitespace)
    scripts/fetch-developer-stats.py:393:0: C0303: Trailing whitespace (trailing-whitespace)
    scripts/fetch-developer-stats.py:396:0: C0303: Trailing whitespace (trailing-whitespace)
    scripts/fetch-developer-stats.py:400:0: C0301: Line too long (111/100) (line-too-long)
    scripts/fetch-developer-stats.py:402:0: C0303: Trailing whitespace (trailing-whitespace)
    scripts/fetch-developer-stats.py:406:0: C0303: Trailing whitespace (trailing-whitespace)
    scripts/fetch-developer-stats.py:1:0: C0103: Module name "fetch-developer-stats" doesn't conform to snake_case naming style (invalid-name)
    scripts/fetch-developer-stats.py:170:50: W0613: Unused argument 'username' (unused-argument)
    scripts/fetch-developer-stats.py:178:12: W0612: Unused variable 'commit' (unused-variable)
    scripts/fetch-developer-stats.py:351:9: W1514: Using open without explicitly specifying an encoding (unspecified-encoding)
    scripts/fetch-developer-stats.py:361:8: C0415: Import outside toplevel (logging_utils.setup_logging) (import-outside-toplevel)
    scripts/fetch-developer-stats.py:394:9: W1514: Using open without explicitly specifying an encoding (unspecified-encoding)
    scripts/fetch-developer-stats.py:25:0: W0611: Unused timedelta imported from datetime (unused-import)
    
    -----------------------------------
    Your code has been rated at 8.09/10

❌ [ERROR] scripts/generate-card.py
    ************* Module generate-card
    scripts/generate-card.py:103:0: C0303: Trailing whitespace (trailing-whitespace)
    scripts/generate-card.py:112:0: C0303: Trailing whitespace (trailing-whitespace)
    scripts/generate-card.py:118:0: C0303: Trailing whitespace (trailing-whitespace)
    scripts/generate-card.py:125:0: C0303: Trailing whitespace (trailing-whitespace)
    scripts/generate-card.py:129:0: C0303: Trailing whitespace (trailing-whitespace)
    scripts/generate-card.py:141:0: C0303: Trailing whitespace (trailing-whitespace)
    scripts/generate-card.py:157:0: C0301: Line too long (182/100) (line-too-long)
    scripts/generate-card.py:167:0: C0301: Line too long (116/100) (line-too-long)
    scripts/generate-card.py:173:0: C0301: Line too long (175/100) (line-too-long)
    scripts/generate-card.py:177:0: C0301: Line too long (114/100) (line-too-long)
    scripts/generate-card.py:179:0: C0301: Line too long (147/100) (line-too-long)
    scripts/generate-card.py:184:0: C0301: Line too long (147/100) (line-too-long)
    scripts/generate-card.py:189:0: C0301: Line too long (151/100) (line-too-long)
    scripts/generate-card.py:195:0: C0301: Line too long (107/100) (line-too-long)
    scripts/generate-card.py:215:0: C0301: Line too long (126/100) (line-too-long)
    scripts/generate-card.py:218:0: C0301: Line too long (128/100) (line-too-long)
    scripts/generate-card.py:239:0: C0301: Line too long (102/100) (line-too-long)
    scripts/generate-card.py:254:0: C0301: Line too long (106/100) (line-too-long)
    scripts/generate-card.py:277:0: C0301: Line too long (110/100) (line-too-long)
    scripts/generate-card.py:296:0: C0301: Line too long (108/100) (line-too-long)
    scripts/generate-card.py:1:0: C0103: Module name "generate-card" doesn't conform to snake_case naming style (invalid-name)
    scripts/generate-card.py:70:0: R0913: Too many arguments (9/5) (too-many-arguments)
    scripts/generate-card.py:70:0: R0917: Too many positional arguments (9/5) (too-many-positional-arguments)
    scripts/generate-card.py:70:0: R0914: Too many local variables (46/15) (too-many-locals)
    scripts/generate-card.py:276:11: W0718: Catching too general exception Exception (broad-exception-caught)
    scripts/generate-card.py:292:13: W1514: Using open without explicitly specifying an encoding (unspecified-encoding)
    scripts/generate-card.py:10:0: W0611: Unused datetime imported from datetime (unused-import)
    scripts/generate-card.py:13:0: W0611: Unused load_and_validate_json imported from lib.utils (unused-import)
    scripts/generate-card.py:13:0: W0611: Unused log_fallback_used imported from lib.utils (unused-import)
    
    -----------------------------------
    Your code has been rated at 7.13/10

❌ [ERROR] scripts/generate-consolidated-dashboard.py
    ************* Module generate-consolidated-dashboard
    scripts/generate-consolidated-dashboard.py:78:0: C0303: Trailing whitespace (trailing-whitespace)
    scripts/generate-consolidated-dashboard.py:85:0: C0303: Trailing whitespace (trailing-whitespace)
    scripts/generate-consolidated-dashboard.py:89:0: C0303: Trailing whitespace (trailing-whitespace)
    scripts/generate-consolidated-dashboard.py:92:0: C0301: Line too long (142/100) (line-too-long)
    scripts/generate-consolidated-dashboard.py:93:0: C0301: Line too long (113/100) (line-too-long)
    scripts/generate-consolidated-dashboard.py:103:0: C0301: Line too long (108/100) (line-too-long)
    scripts/generate-consolidated-dashboard.py:112:0: C0303: Trailing whitespace (trailing-whitespace)
    scripts/generate-consolidated-dashboard.py:119:0: C0303: Trailing whitespace (trailing-whitespace)
    scripts/generate-consolidated-dashboard.py:123:0: C0303: Trailing whitespace (trailing-whitespace)
    scripts/generate-consolidated-dashboard.py:126:0: C0303: Trailing whitespace (trailing-whitespace)
    scripts/generate-consolidated-dashboard.py:129:0: C0301: Line too long (139/100) (line-too-long)
    scripts/generate-consolidated-dashboard.py:130:0: C0301: Line too long (110/100) (line-too-long)
    scripts/generate-consolidated-dashboard.py:133:0: C0301: Line too long (109/100) (line-too-long)
    scripts/generate-consolidated-dashboard.py:149:0: C0303: Trailing whitespace (trailing-whitespace)
    scripts/generate-consolidated-dashboard.py:156:0: C0303: Trailing whitespace (trailing-whitespace)
    scripts/generate-consolidated-dashboard.py:164:0: C0303: Trailing whitespace (trailing-whitespace)
    scripts/generate-consolidated-dashboard.py:167:0: C0301: Line too long (137/100) (line-too-long)
    scripts/generate-consolidated-dashboard.py:168:0: C0301: Line too long (108/100) (line-too-long)
    scripts/generate-consolidated-dashboard.py:171:0: C0301: Line too long (109/100) (line-too-long)
    scripts/generate-consolidated-dashboard.py:187:0: C0303: Trailing whitespace (trailing-whitespace)
    scripts/generate-consolidated-dashboard.py:194:0: C0303: Trailing whitespace (trailing-whitespace)
    scripts/generate-consolidated-dashboard.py:199:0: C0303: Trailing whitespace (trailing-whitespace)
    scripts/generate-consolidated-dashboard.py:202:0: C0301: Line too long (137/100) (line-too-long)
    scripts/generate-consolidated-dashboard.py:203:0: C0301: Line too long (108/100) (line-too-long)
    scripts/generate-consolidated-dashboard.py:206:0: C0301: Line too long (109/100) (line-too-long)
    scripts/generate-consolidated-dashboard.py:222:0: C0303: Trailing whitespace (trailing-whitespace)
    scripts/generate-consolidated-dashboard.py:229:0: C0303: Trailing whitespace (trailing-whitespace)
    scripts/generate-consolidated-dashboard.py:233:0: C0303: Trailing whitespace (trailing-whitespace)
    scripts/generate-consolidated-dashboard.py:237:0: C0303: Trailing whitespace (trailing-whitespace)
    scripts/generate-consolidated-dashboard.py:240:0: C0301: Line too long (138/100) (line-too-long)
    scripts/generate-consolidated-dashboard.py:241:0: C0301: Line too long (109/100) (line-too-long)
    scripts/generate-consolidated-dashboard.py:244:0: C0301: Line too long (109/100) (line-too-long)
    scripts/generate-consolidated-dashboard.py:248:0: C0301: Line too long (157/100) (line-too-long)
    scripts/generate-consolidated-dashboard.py:258:0: C0303: Trailing whitespace (trailing-whitespace)
    scripts/generate-consolidated-dashboard.py:265:0: C0303: Trailing whitespace (trailing-whitespace)
    scripts/generate-consolidated-dashboard.py:274:0: C0303: Trailing whitespace (trailing-whitespace)
    scripts/generate-consolidated-dashboard.py:278:0: C0303: Trailing whitespace (trailing-whitespace)
    scripts/generate-consolidated-dashboard.py:282:0: C0303: Trailing whitespace (trailing-whitespace)
    scripts/generate-consolidated-dashboard.py:289:0: C0303: Trailing whitespace (trailing-whitespace)
    scripts/generate-consolidated-dashboard.py:293:0: C0301: Line too long (176/100) (line-too-long)
    scripts/generate-consolidated-dashboard.py:294:0: C0301: Line too long (111/100) (line-too-long)
    scripts/generate-consolidated-dashboard.py:298:0: C0303: Trailing whitespace (trailing-whitespace)
    scripts/generate-consolidated-dashboard.py:299:0: C0301: Line too long (139/100) (line-too-long)
    scripts/generate-consolidated-dashboard.py:309:0: C0301: Line too long (173/100) (line-too-long)
    scripts/generate-consolidated-dashboard.py:329:0: C0301: Line too long (110/100) (line-too-long)
    scripts/generate-consolidated-dashboard.py:334:0: C0301: Line too long (136/100) (line-too-long)
    scripts/generate-consolidated-dashboard.py:336:0: C0303: Trailing whitespace (trailing-whitespace)
    scripts/generate-consolidated-dashboard.py:344:0: C0303: Trailing whitespace (trailing-whitespace)
    scripts/generate-consolidated-dashboard.py:348:0: C0303: Trailing whitespace (trailing-whitespace)
    scripts/generate-consolidated-dashboard.py:353:0: C0303: Trailing whitespace (trailing-whitespace)
    scripts/generate-consolidated-dashboard.py:1:0: C0103: Module name "generate-consolidated-dashboard" doesn't conform to snake_case naming style (invalid-name)
    scripts/generate-consolidated-dashboard.py:39:10: W0612: Unused variable 'error' (unused-variable)
    scripts/generate-consolidated-dashboard.py:45:10: W0612: Unused variable 'error' (unused-variable)
    scripts/generate-consolidated-dashboard.py:51:10: W0612: Unused variable 'error' (unused-variable)
    scripts/generate-consolidated-dashboard.py:58:18: W0612: Unused variable 'error' (unused-variable)
    scripts/generate-consolidated-dashboard.py:70:10: W0612: Unused variable 'error' (unused-variable)
    scripts/generate-consolidated-dashboard.py:145:0: R0914: Too many local variables (16/15) (too-many-locals)
    scripts/generate-consolidated-dashboard.py:256:0: R0914: Too many local variables (23/15) (too-many-locals)
    scripts/generate-consolidated-dashboard.py:270:4: W0612: Unused variable 'text_primary' (unused-variable)
    scripts/generate-consolidated-dashboard.py:342:4: C0415: Import outside toplevel (traceback) (import-outside-toplevel)
    scripts/generate-consolidated-dashboard.py:355:11: W0718: Catching too general exception Exception (broad-exception-caught)
    scripts/generate-consolidated-dashboard.py:17:0: W0611: Unused import json (unused-import)
    scripts/generate-consolidated-dashboard.py:22:0: W0611: Unused get_theme_font_size imported from lib.utils (unused-import)
    
    -----------------------------------
    Your code has been rated at 5.40/10

❌ [ERROR] scripts/generate-developer-dashboard.py
    ************* Module generate-developer-dashboard
    scripts/generate-developer-dashboard.py:75:0: C0303: Trailing whitespace (trailing-whitespace)
    scripts/generate-developer-dashboard.py:78:0: C0303: Trailing whitespace (trailing-whitespace)
    scripts/generate-developer-dashboard.py:83:0: C0303: Trailing whitespace (trailing-whitespace)
    scripts/generate-developer-dashboard.py:93:0: C0303: Trailing whitespace (trailing-whitespace)
    scripts/generate-developer-dashboard.py:96:0: C0303: Trailing whitespace (trailing-whitespace)
    scripts/generate-developer-dashboard.py:102:0: C0303: Trailing whitespace (trailing-whitespace)
    scripts/generate-developer-dashboard.py:117:0: C0303: Trailing whitespace (trailing-whitespace)
    scripts/generate-developer-dashboard.py:143:0: C0303: Trailing whitespace (trailing-whitespace)
    scripts/generate-developer-dashboard.py:148:0: C0303: Trailing whitespace (trailing-whitespace)
    scripts/generate-developer-dashboard.py:152:0: C0303: Trailing whitespace (trailing-whitespace)
    scripts/generate-developer-dashboard.py:157:0: C0303: Trailing whitespace (trailing-whitespace)
    scripts/generate-developer-dashboard.py:159:0: C0303: Trailing whitespace (trailing-whitespace)
    scripts/generate-developer-dashboard.py:162:0: C0303: Trailing whitespace (trailing-whitespace)
    scripts/generate-developer-dashboard.py:165:82: C0303: Trailing whitespace (trailing-whitespace)
    scripts/generate-developer-dashboard.py:167:83: C0303: Trailing whitespace (trailing-whitespace)
    scripts/generate-developer-dashboard.py:169:97: C0303: Trailing whitespace (trailing-whitespace)
    scripts/generate-developer-dashboard.py:174:0: C0303: Trailing whitespace (trailing-whitespace)
    scripts/generate-developer-dashboard.py:190:0: C0303: Trailing whitespace (trailing-whitespace)
    scripts/generate-developer-dashboard.py:193:0: C0303: Trailing whitespace (trailing-whitespace)
    scripts/generate-developer-dashboard.py:198:0: C0303: Trailing whitespace (trailing-whitespace)
    scripts/generate-developer-dashboard.py:202:0: C0303: Trailing whitespace (trailing-whitespace)
    scripts/generate-developer-dashboard.py:209:0: C0303: Trailing whitespace (trailing-whitespace)
    scripts/generate-developer-dashboard.py:216:88: C0303: Trailing whitespace (trailing-whitespace)
    scripts/generate-developer-dashboard.py:221:0: C0303: Trailing whitespace (trailing-whitespace)
    scripts/generate-developer-dashboard.py:234:0: C0303: Trailing whitespace (trailing-whitespace)
    scripts/generate-developer-dashboard.py:240:0: C0303: Trailing whitespace (trailing-whitespace)
    scripts/generate-developer-dashboard.py:244:0: C0303: Trailing whitespace (trailing-whitespace)
    scripts/generate-developer-dashboard.py:257:0: C0303: Trailing whitespace (trailing-whitespace)
    scripts/generate-developer-dashboard.py:263:0: C0303: Trailing whitespace (trailing-whitespace)
    scripts/generate-developer-dashboard.py:267:0: C0303: Trailing whitespace (trailing-whitespace)
    scripts/generate-developer-dashboard.py:271:0: C0303: Trailing whitespace (trailing-whitespace)
    scripts/generate-developer-dashboard.py:287:0: C0303: Trailing whitespace (trailing-whitespace)
    scripts/generate-developer-dashboard.py:291:0: C0303: Trailing whitespace (trailing-whitespace)
    scripts/generate-developer-dashboard.py:296:0: C0301: Line too long (115/100) (line-too-long)
    scripts/generate-developer-dashboard.py:297:0: C0301: Line too long (133/100) (line-too-long)
    scripts/generate-developer-dashboard.py:298:0: C0301: Line too long (131/100) (line-too-long)
    scripts/generate-developer-dashboard.py:299:0: C0301: Line too long (127/100) (line-too-long)
    scripts/generate-developer-dashboard.py:300:0: C0301: Line too long (140/100) (line-too-long)
    scripts/generate-developer-dashboard.py:301:0: C0301: Line too long (145/100) (line-too-long)
    scripts/generate-developer-dashboard.py:303:0: C0303: Trailing whitespace (trailing-whitespace)
    scripts/generate-developer-dashboard.py:308:0: C0303: Trailing whitespace (trailing-whitespace)
    scripts/generate-developer-dashboard.py:313:0: C0303: Trailing whitespace (trailing-whitespace)
    scripts/generate-developer-dashboard.py:325:0: C0303: Trailing whitespace (trailing-whitespace)
    scripts/generate-developer-dashboard.py:334:0: C0303: Trailing whitespace (trailing-whitespace)
    scripts/generate-developer-dashboard.py:340:0: C0303: Trailing whitespace (trailing-whitespace)
    scripts/generate-developer-dashboard.py:348:0: C0303: Trailing whitespace (trailing-whitespace)
    scripts/generate-developer-dashboard.py:353:0: C0301: Line too long (117/100) (line-too-long)
    scripts/generate-developer-dashboard.py:357:0: C0303: Trailing whitespace (trailing-whitespace)
    scripts/generate-developer-dashboard.py:358:0: C0301: Line too long (139/100) (line-too-long)
    scripts/generate-developer-dashboard.py:379:0: C0301: Line too long (173/100) (line-too-long)
    scripts/generate-developer-dashboard.py:432:0: C0301: Line too long (136/100) (line-too-long)
    scripts/generate-developer-dashboard.py:1:0: C0103: Module name "generate-developer-dashboard" doesn't conform to snake_case naming style (invalid-name)
    scripts/generate-developer-dashboard.py:42:0: R0913: Too many arguments (8/5) (too-many-arguments)
    scripts/generate-developer-dashboard.py:42:0: R0917: Too many positional arguments (8/5) (too-many-positional-arguments)
    scripts/generate-developer-dashboard.py:47:4: W0613: Unused argument 'color' (unused-argument)
    scripts/generate-developer-dashboard.py:64:0: R0913: Too many arguments (6/5) (too-many-arguments)
    scripts/generate-developer-dashboard.py:64:0: R0917: Too many positional arguments (6/5) (too-many-positional-arguments)
    scripts/generate-developer-dashboard.py:64:0: R0914: Too many local variables (17/15) (too-many-locals)
    scripts/generate-developer-dashboard.py:106:0: R0913: Too many arguments (7/5) (too-many-arguments)
    scripts/generate-developer-dashboard.py:106:0: R0917: Too many positional arguments (7/5) (too-many-positional-arguments)
    scripts/generate-developer-dashboard.py:127:0: R0913: Too many arguments (11/5) (too-many-arguments)
    scripts/generate-developer-dashboard.py:127:0: R0917: Too many positional arguments (11/5) (too-many-positional-arguments)
    scripts/generate-developer-dashboard.py:127:0: R0914: Too many local variables (22/15) (too-many-locals)
    scripts/generate-developer-dashboard.py:137:4: W0613: Unused argument 'text_primary' (unused-argument)
    scripts/generate-developer-dashboard.py:178:0: R0913: Too many arguments (7/5) (too-many-arguments)
    scripts/generate-developer-dashboard.py:178:0: R0917: Too many positional arguments (7/5) (too-many-positional-arguments)
    scripts/generate-developer-dashboard.py:178:0: R0914: Too many local variables (20/15) (too-many-locals)
    scripts/generate-developer-dashboard.py:184:4: W0613: Unused argument 'text_primary' (unused-argument)
    scripts/generate-developer-dashboard.py:238:0: R0914: Too many local variables (52/15) (too-many-locals)
    scripts/generate-developer-dashboard.py:353:63: E0602: Undefined variable 'font_size_xs' (undefined-variable)
    scripts/generate-developer-dashboard.py:238:0: R0915: Too many statements (58/50) (too-many-statements)
    scripts/generate-developer-dashboard.py:262:4: W0612: Unused variable 'border_radius_md' (unused-variable)
    scripts/generate-developer-dashboard.py:17:0: W0611: Unused Path imported from pathlib (unused-import)
    scripts/generate-developer-dashboard.py:18:0: W0611: Unused datetime imported from datetime (unused-import)
    scripts/generate-developer-dashboard.py:18:0: W0611: Unused timezone imported from datetime (unused-import)
    scripts/generate-developer-dashboard.py:19:0: W0611: Unused Optional imported from typing (unused-import)
    scripts/generate-developer-dashboard.py:21:0: W0611: Unused safe_value imported from lib.utils (unused-import)
    scripts/generate-developer-dashboard.py:21:0: W0611: Unused get_theme_font_size imported from lib.utils (unused-import)
    scripts/generate-developer-dashboard.py:21:0: W0611: Unused format_timestamp_local imported from lib.utils (unused-import)
    
    -----------------------------------
    Your code has been rated at 3.85/10

❌ [ERROR] scripts/generate-fallback-map.py
    ************* Module generate-fallback-map
    scripts/generate-fallback-map.py:26:0: C0303: Trailing whitespace (trailing-whitespace)
    scripts/generate-fallback-map.py:36:0: C0303: Trailing whitespace (trailing-whitespace)
    scripts/generate-fallback-map.py:43:0: C0303: Trailing whitespace (trailing-whitespace)
    scripts/generate-fallback-map.py:56:0: C0303: Trailing whitespace (trailing-whitespace)
    scripts/generate-fallback-map.py:61:0: C0303: Trailing whitespace (trailing-whitespace)
    scripts/generate-fallback-map.py:65:0: C0303: Trailing whitespace (trailing-whitespace)
    scripts/generate-fallback-map.py:69:0: C0303: Trailing whitespace (trailing-whitespace)
    scripts/generate-fallback-map.py:75:0: C0303: Trailing whitespace (trailing-whitespace)
    scripts/generate-fallback-map.py:80:0: C0303: Trailing whitespace (trailing-whitespace)
    scripts/generate-fallback-map.py:84:0: C0303: Trailing whitespace (trailing-whitespace)
    scripts/generate-fallback-map.py:86:0: C0301: Line too long (106/100) (line-too-long)
    scripts/generate-fallback-map.py:87:0: C0301: Line too long (106/100) (line-too-long)
    scripts/generate-fallback-map.py:88:0: C0303: Trailing whitespace (trailing-whitespace)
    scripts/generate-fallback-map.py:90:0: C0301: Line too long (108/100) (line-too-long)
    scripts/generate-fallback-map.py:91:0: C0301: Line too long (108/100) (line-too-long)
    scripts/generate-fallback-map.py:92:0: C0303: Trailing whitespace (trailing-whitespace)
    scripts/generate-fallback-map.py:94:0: C0301: Line too long (124/100) (line-too-long)
    scripts/generate-fallback-map.py:95:0: C0301: Line too long (124/100) (line-too-long)
    scripts/generate-fallback-map.py:96:0: C0303: Trailing whitespace (trailing-whitespace)
    scripts/generate-fallback-map.py:101:0: C0303: Trailing whitespace (trailing-whitespace)
    scripts/generate-fallback-map.py:109:0: C0303: Trailing whitespace (trailing-whitespace)
    scripts/generate-fallback-map.py:111:0: C0303: Trailing whitespace (trailing-whitespace)
    scripts/generate-fallback-map.py:121:0: C0303: Trailing whitespace (trailing-whitespace)
    scripts/generate-fallback-map.py:123:0: C0325: Unnecessary parens after 'not' keyword (superfluous-parens)
    scripts/generate-fallback-map.py:127:0: C0303: Trailing whitespace (trailing-whitespace)
    scripts/generate-fallback-map.py:128:0: C0325: Unnecessary parens after 'not' keyword (superfluous-parens)
    scripts/generate-fallback-map.py:132:0: C0303: Trailing whitespace (trailing-whitespace)
    scripts/generate-fallback-map.py:1:0: C0103: Module name "generate-fallback-map" doesn't conform to snake_case naming style (invalid-name)
    scripts/generate-fallback-map.py:10:0: E0401: Unable to import 'PIL' (import-error)
    scripts/generate-fallback-map.py:13:0: R0914: Too many local variables (30/15) (too-many-locals)
    scripts/generate-fallback-map.py:13:26: W0621: Redefining name 'output_path' from outer scope (line 110) (redefined-outer-name)
    scripts/generate-fallback-map.py:13:44: W0621: Redefining name 'lat' from outer scope (line 114) (redefined-outer-name)
    scripts/generate-fallback-map.py:13:56: W0621: Redefining name 'lon' from outer scope (line 115) (redefined-outer-name)
    scripts/generate-fallback-map.py:118:14: W1309: Using an f-string that does not have any interpolated variables (f-string-without-interpolation)
    scripts/generate-fallback-map.py:119:14: W1309: Using an f-string that does not have any interpolated variables (f-string-without-interpolation)
    scripts/generate-fallback-map.py:125:14: W1309: Using an f-string that does not have any interpolated variables (f-string-without-interpolation)
    scripts/generate-fallback-map.py:130:14: W1309: Using an f-string that does not have any interpolated variables (f-string-without-interpolation)
    scripts/generate-fallback-map.py:135:11: W0718: Catching too general exception Exception (broad-exception-caught)
    scripts/generate-fallback-map.py:9:0: W0611: Unused Tuple imported from typing (unused-import)
    
    -----------------------------------
    Your code has been rated at 4.69/10

❌ [ERROR] scripts/generate-health-dashboard.py
    ************* Module generate-health-dashboard
    scripts/generate-health-dashboard.py:42:0: C0301: Line too long (108/100) (line-too-long)
    scripts/generate-health-dashboard.py:53:0: C0303: Trailing whitespace (trailing-whitespace)
    scripts/generate-health-dashboard.py:58:0: C0303: Trailing whitespace (trailing-whitespace)
    scripts/generate-health-dashboard.py:65:94: C0303: Trailing whitespace (trailing-whitespace)
    scripts/generate-health-dashboard.py:67:94: C0303: Trailing whitespace (trailing-whitespace)
    scripts/generate-health-dashboard.py:80:0: C0303: Trailing whitespace (trailing-whitespace)
    scripts/generate-health-dashboard.py:86:98: C0303: Trailing whitespace (trailing-whitespace)
    scripts/generate-health-dashboard.py:93:0: C0303: Trailing whitespace (trailing-whitespace)
    scripts/generate-health-dashboard.py:102:0: C0303: Trailing whitespace (trailing-whitespace)
    scripts/generate-health-dashboard.py:118:0: C0303: Trailing whitespace (trailing-whitespace)
    scripts/generate-health-dashboard.py:125:0: C0303: Trailing whitespace (trailing-whitespace)
    scripts/generate-health-dashboard.py:131:0: C0303: Trailing whitespace (trailing-whitespace)
    scripts/generate-health-dashboard.py:135:0: C0303: Trailing whitespace (trailing-whitespace)
    scripts/generate-health-dashboard.py:139:0: C0303: Trailing whitespace (trailing-whitespace)
    scripts/generate-health-dashboard.py:146:0: C0301: Line too long (106/100) (line-too-long)
    scripts/generate-health-dashboard.py:147:0: C0303: Trailing whitespace (trailing-whitespace)
    scripts/generate-health-dashboard.py:155:0: C0303: Trailing whitespace (trailing-whitespace)
    scripts/generate-health-dashboard.py:160:0: C0303: Trailing whitespace (trailing-whitespace)
    scripts/generate-health-dashboard.py:166:0: C0303: Trailing whitespace (trailing-whitespace)
    scripts/generate-health-dashboard.py:171:0: C0303: Trailing whitespace (trailing-whitespace)
    scripts/generate-health-dashboard.py:178:0: C0303: Trailing whitespace (trailing-whitespace)
    scripts/generate-health-dashboard.py:183:0: C0303: Trailing whitespace (trailing-whitespace)
    scripts/generate-health-dashboard.py:186:0: C0303: Trailing whitespace (trailing-whitespace)
    scripts/generate-health-dashboard.py:191:0: C0303: Trailing whitespace (trailing-whitespace)
    scripts/generate-health-dashboard.py:198:0: C0303: Trailing whitespace (trailing-whitespace)
    scripts/generate-health-dashboard.py:201:0: C0303: Trailing whitespace (trailing-whitespace)
    scripts/generate-health-dashboard.py:207:0: C0303: Trailing whitespace (trailing-whitespace)
    scripts/generate-health-dashboard.py:215:0: C0303: Trailing whitespace (trailing-whitespace)
    scripts/generate-health-dashboard.py:220:0: C0301: Line too long (117/100) (line-too-long)
    scripts/generate-health-dashboard.py:224:0: C0303: Trailing whitespace (trailing-whitespace)
    scripts/generate-health-dashboard.py:225:0: C0301: Line too long (139/100) (line-too-long)
    scripts/generate-health-dashboard.py:258:0: C0301: Line too long (173/100) (line-too-long)
    scripts/generate-health-dashboard.py:262:0: C0301: Line too long (104/100) (line-too-long)
    scripts/generate-health-dashboard.py:276:0: C0301: Line too long (129/100) (line-too-long)
    scripts/generate-health-dashboard.py:277:0: C0301: Line too long (120/100) (line-too-long)
    scripts/generate-health-dashboard.py:283:0: C0301: Line too long (104/100) (line-too-long)
    scripts/generate-health-dashboard.py:290:0: C0301: Line too long (161/100) (line-too-long)
    scripts/generate-health-dashboard.py:291:0: C0301: Line too long (121/100) (line-too-long)
    scripts/generate-health-dashboard.py:297:0: C0301: Line too long (106/100) (line-too-long)
    scripts/generate-health-dashboard.py:303:0: C0301: Line too long (164/100) (line-too-long)
    scripts/generate-health-dashboard.py:304:0: C0301: Line too long (125/100) (line-too-long)
    scripts/generate-health-dashboard.py:316:0: C0301: Line too long (162/100) (line-too-long)
    scripts/generate-health-dashboard.py:317:0: C0301: Line too long (124/100) (line-too-long)
    scripts/generate-health-dashboard.py:321:0: C0301: Line too long (117/100) (line-too-long)
    scripts/generate-health-dashboard.py:322:0: C0301: Line too long (120/100) (line-too-long)
    scripts/generate-health-dashboard.py:329:0: C0301: Line too long (162/100) (line-too-long)
    scripts/generate-health-dashboard.py:330:0: C0301: Line too long (118/100) (line-too-long)
    scripts/generate-health-dashboard.py:333:0: C0301: Line too long (139/100) (line-too-long)
    scripts/generate-health-dashboard.py:339:0: C0301: Line too long (117/100) (line-too-long)
    scripts/generate-health-dashboard.py:357:0: C0301: Line too long (164/100) (line-too-long)
    scripts/generate-health-dashboard.py:358:0: C0301: Line too long (120/100) (line-too-long)
    scripts/generate-health-dashboard.py:389:0: C0301: Line too long (103/100) (line-too-long)
    scripts/generate-health-dashboard.py:395:0: C0301: Line too long (121/100) (line-too-long)
    scripts/generate-health-dashboard.py:1:0: C0103: Module name "generate-health-dashboard" doesn't conform to snake_case naming style (invalid-name)
    scripts/generate-health-dashboard.py:42:0: R0913: Too many arguments (6/5) (too-many-arguments)
    scripts/generate-health-dashboard.py:42:0: R0917: Too many positional arguments (6/5) (too-many-positional-arguments)
    scripts/generate-health-dashboard.py:42:0: R0914: Too many local variables (17/15) (too-many-locals)
    scripts/generate-health-dashboard.py:91:0: R0914: Too many local variables (78/15) (too-many-locals)
    scripts/generate-health-dashboard.py:91:0: R0915: Too many statements (88/50) (too-many-statements)
    scripts/generate-health-dashboard.py:9:0: W0611: Unused Path imported from pathlib (unused-import)
    scripts/generate-health-dashboard.py:11:0: W0611: Unused List imported from typing (unused-import)
    scripts/generate-health-dashboard.py:13:0: W0611: Unused load_and_validate_json imported from lib.utils (unused-import)
    scripts/generate-health-dashboard.py:13:0: W0611: Unused format_timestamp_local imported from lib.utils (unused-import)
    
    -----------------------------------
    Your code has been rated at 5.19/10

❌ [ERROR] scripts/generate-health-snapshot.py
    ************* Module generate-health-snapshot
    scripts/generate-health-snapshot.py:43:0: C0303: Trailing whitespace (trailing-whitespace)
    scripts/generate-health-snapshot.py:47:0: C0303: Trailing whitespace (trailing-whitespace)
    scripts/generate-health-snapshot.py:52:0: C0303: Trailing whitespace (trailing-whitespace)
    scripts/generate-health-snapshot.py:56:0: C0303: Trailing whitespace (trailing-whitespace)
    scripts/generate-health-snapshot.py:57:28: C0303: Trailing whitespace (trailing-whitespace)
    scripts/generate-health-snapshot.py:60:0: C0303: Trailing whitespace (trailing-whitespace)
    scripts/generate-health-snapshot.py:64:0: C0303: Trailing whitespace (trailing-whitespace)
    scripts/generate-health-snapshot.py:68:0: C0303: Trailing whitespace (trailing-whitespace)
    scripts/generate-health-snapshot.py:132:0: C0301: Line too long (107/100) (line-too-long)
    scripts/generate-health-snapshot.py:134:0: C0303: Trailing whitespace (trailing-whitespace)
    scripts/generate-health-snapshot.py:1:0: C0103: Module name "generate-health-snapshot" doesn't conform to snake_case naming style (invalid-name)
    scripts/generate-health-snapshot.py:37:0: R0914: Too many local variables (17/15) (too-many-locals)
    scripts/generate-health-snapshot.py:161:9: W1514: Using open without explicitly specifying an encoding (unspecified-encoding)
    
    -----------------------------------
    Your code has been rated at 7.45/10

❌ [ERROR] scripts/generate-interactive-dashboard.py
    ************* Module generate-interactive-dashboard
    scripts/generate-interactive-dashboard.py:79:0: C0303: Trailing whitespace (trailing-whitespace)
    scripts/generate-interactive-dashboard.py:86:0: C0303: Trailing whitespace (trailing-whitespace)
    scripts/generate-interactive-dashboard.py:91:0: C0303: Trailing whitespace (trailing-whitespace)
    scripts/generate-interactive-dashboard.py:93:0: C0301: Line too long (113/100) (line-too-long)
    scripts/generate-interactive-dashboard.py:94:0: C0303: Trailing whitespace (trailing-whitespace)
    scripts/generate-interactive-dashboard.py:97:0: C0301: Line too long (159/100) (line-too-long)
    scripts/generate-interactive-dashboard.py:98:0: C0301: Line too long (113/100) (line-too-long)
    scripts/generate-interactive-dashboard.py:108:0: C0301: Line too long (108/100) (line-too-long)
    scripts/generate-interactive-dashboard.py:118:0: C0303: Trailing whitespace (trailing-whitespace)
    scripts/generate-interactive-dashboard.py:125:0: C0303: Trailing whitespace (trailing-whitespace)
    scripts/generate-interactive-dashboard.py:131:0: C0303: Trailing whitespace (trailing-whitespace)
    scripts/generate-interactive-dashboard.py:133:0: C0303: Trailing whitespace (trailing-whitespace)
    scripts/generate-interactive-dashboard.py:137:0: C0303: Trailing whitespace (trailing-whitespace)
    scripts/generate-interactive-dashboard.py:140:0: C0303: Trailing whitespace (trailing-whitespace)
    scripts/generate-interactive-dashboard.py:143:0: C0301: Line too long (156/100) (line-too-long)
    scripts/generate-interactive-dashboard.py:144:0: C0301: Line too long (110/100) (line-too-long)
    scripts/generate-interactive-dashboard.py:147:0: C0301: Line too long (109/100) (line-too-long)
    scripts/generate-interactive-dashboard.py:164:0: C0303: Trailing whitespace (trailing-whitespace)
    scripts/generate-interactive-dashboard.py:171:0: C0303: Trailing whitespace (trailing-whitespace)
    scripts/generate-interactive-dashboard.py:180:0: C0303: Trailing whitespace (trailing-whitespace)
    scripts/generate-interactive-dashboard.py:182:0: C0301: Line too long (129/100) (line-too-long)
    scripts/generate-interactive-dashboard.py:183:0: C0303: Trailing whitespace (trailing-whitespace)
    scripts/generate-interactive-dashboard.py:186:0: C0301: Line too long (154/100) (line-too-long)
    scripts/generate-interactive-dashboard.py:187:0: C0301: Line too long (108/100) (line-too-long)
    scripts/generate-interactive-dashboard.py:190:0: C0301: Line too long (109/100) (line-too-long)
    scripts/generate-interactive-dashboard.py:207:0: C0303: Trailing whitespace (trailing-whitespace)
    scripts/generate-interactive-dashboard.py:214:0: C0303: Trailing whitespace (trailing-whitespace)
    scripts/generate-interactive-dashboard.py:220:0: C0303: Trailing whitespace (trailing-whitespace)
    scripts/generate-interactive-dashboard.py:223:0: C0303: Trailing whitespace (trailing-whitespace)
    scripts/generate-interactive-dashboard.py:226:0: C0301: Line too long (154/100) (line-too-long)
    scripts/generate-interactive-dashboard.py:227:0: C0301: Line too long (108/100) (line-too-long)
    scripts/generate-interactive-dashboard.py:230:0: C0301: Line too long (109/100) (line-too-long)
    scripts/generate-interactive-dashboard.py:247:0: C0303: Trailing whitespace (trailing-whitespace)
    scripts/generate-interactive-dashboard.py:254:0: C0303: Trailing whitespace (trailing-whitespace)
    scripts/generate-interactive-dashboard.py:259:0: C0303: Trailing whitespace (trailing-whitespace)
    scripts/generate-interactive-dashboard.py:263:0: C0303: Trailing whitespace (trailing-whitespace)
    scripts/generate-interactive-dashboard.py:266:0: C0303: Trailing whitespace (trailing-whitespace)
    scripts/generate-interactive-dashboard.py:269:0: C0301: Line too long (155/100) (line-too-long)
    scripts/generate-interactive-dashboard.py:270:0: C0301: Line too long (109/100) (line-too-long)
    scripts/generate-interactive-dashboard.py:273:0: C0301: Line too long (109/100) (line-too-long)
    scripts/generate-interactive-dashboard.py:277:0: C0301: Line too long (157/100) (line-too-long)
    scripts/generate-interactive-dashboard.py:290:0: C0303: Trailing whitespace (trailing-whitespace)
    scripts/generate-interactive-dashboard.py:297:0: C0303: Trailing whitespace (trailing-whitespace)
    scripts/generate-interactive-dashboard.py:302:0: C0303: Trailing whitespace (trailing-whitespace)
    scripts/generate-interactive-dashboard.py:307:0: C0303: Trailing whitespace (trailing-whitespace)
    scripts/generate-interactive-dashboard.py:313:0: C0303: Trailing whitespace (trailing-whitespace)
    scripts/generate-interactive-dashboard.py:323:0: C0303: Trailing whitespace (trailing-whitespace)
    scripts/generate-interactive-dashboard.py:332:0: C0303: Trailing whitespace (trailing-whitespace)
    scripts/generate-interactive-dashboard.py:335:0: C0303: Trailing whitespace (trailing-whitespace)
    scripts/generate-interactive-dashboard.py:342:0: C0303: Trailing whitespace (trailing-whitespace)
    scripts/generate-interactive-dashboard.py:350:0: C0303: Trailing whitespace (trailing-whitespace)
    scripts/generate-interactive-dashboard.py:354:0: C0303: Trailing whitespace (trailing-whitespace)
    scripts/generate-interactive-dashboard.py:358:0: C0303: Trailing whitespace (trailing-whitespace)
    scripts/generate-interactive-dashboard.py:361:0: C0303: Trailing whitespace (trailing-whitespace)
    scripts/generate-interactive-dashboard.py:368:0: C0303: Trailing whitespace (trailing-whitespace)
    scripts/generate-interactive-dashboard.py:372:0: C0301: Line too long (170/100) (line-too-long)
    scripts/generate-interactive-dashboard.py:373:0: C0301: Line too long (131/100) (line-too-long)
    scripts/generate-interactive-dashboard.py:376:0: C0301: Line too long (110/100) (line-too-long)
    scripts/generate-interactive-dashboard.py:379:0: C0301: Line too long (110/100) (line-too-long)
    scripts/generate-interactive-dashboard.py:384:0: C0303: Trailing whitespace (trailing-whitespace)
    scripts/generate-interactive-dashboard.py:385:0: C0301: Line too long (139/100) (line-too-long)
    scripts/generate-interactive-dashboard.py:397:0: C0301: Line too long (173/100) (line-too-long)
    scripts/generate-interactive-dashboard.py:417:0: C0301: Line too long (110/100) (line-too-long)
    scripts/generate-interactive-dashboard.py:422:0: C0301: Line too long (162/100) (line-too-long)
    scripts/generate-interactive-dashboard.py:424:0: C0303: Trailing whitespace (trailing-whitespace)
    scripts/generate-interactive-dashboard.py:432:0: C0303: Trailing whitespace (trailing-whitespace)
    scripts/generate-interactive-dashboard.py:433:0: C0301: Line too long (117/100) (line-too-long)
    scripts/generate-interactive-dashboard.py:434:0: C0301: Line too long (106/100) (line-too-long)
    scripts/generate-interactive-dashboard.py:436:0: C0303: Trailing whitespace (trailing-whitespace)
    scripts/generate-interactive-dashboard.py:438:0: C0303: Trailing whitespace (trailing-whitespace)
    scripts/generate-interactive-dashboard.py:442:0: C0303: Trailing whitespace (trailing-whitespace)
    scripts/generate-interactive-dashboard.py:447:0: C0303: Trailing whitespace (trailing-whitespace)
    scripts/generate-interactive-dashboard.py:448:0: C0301: Line too long (101/100) (line-too-long)
    scripts/generate-interactive-dashboard.py:1:0: C0103: Module name "generate-interactive-dashboard" doesn't conform to snake_case naming style (invalid-name)
    scripts/generate-interactive-dashboard.py:24:0: E0401: Unable to import 'utils' (import-error)
    scripts/generate-interactive-dashboard.py:24:0: C0413: Import "from utils import escape_xml, safe_value, load_theme, get_theme_color, get_theme_gradient, get_theme_typography, get_theme_font_size, get_theme_border_radius, format_timestamp_local, format_large_number, try_load_json" should be placed at the top of the module (wrong-import-position)
    scripts/generate-interactive-dashboard.py:41:10: W0612: Unused variable 'error' (unused-variable)
    scripts/generate-interactive-dashboard.py:47:10: W0612: Unused variable 'error' (unused-variable)
    scripts/generate-interactive-dashboard.py:53:10: W0612: Unused variable 'error' (unused-variable)
    scripts/generate-interactive-dashboard.py:59:18: W0612: Unused variable 'error' (unused-variable)
    scripts/generate-interactive-dashboard.py:71:10: W0612: Unused variable 'error' (unused-variable)
    scripts/generate-interactive-dashboard.py:114:0: R0914: Too many local variables (18/15) (too-many-locals)
    scripts/generate-interactive-dashboard.py:160:0: R0914: Too many local variables (18/15) (too-many-locals)
    scripts/generate-interactive-dashboard.py:243:0: R0914: Too many local variables (17/15) (too-many-locals)
    scripts/generate-interactive-dashboard.py:291:11: W1309: Using an f-string that does not have any interpolated variables (f-string-without-interpolation)
    scripts/generate-interactive-dashboard.py:288:4: W0612: Unused variable 'accent_teal' (unused-variable)
    scripts/generate-interactive-dashboard.py:289:4: W0612: Unused variable 'panel_bg' (unused-variable)
    scripts/generate-interactive-dashboard.py:330:0: R0914: Too many local variables (25/15) (too-many-locals)
    scripts/generate-interactive-dashboard.py:430:4: C0415: Import outside toplevel (traceback) (import-outside-toplevel)
    scripts/generate-interactive-dashboard.py:431:4: C0415: Import outside toplevel (argparse) (import-outside-toplevel)
    scripts/generate-interactive-dashboard.py:449:11: W0718: Catching too general exception Exception (broad-exception-caught)
    scripts/generate-interactive-dashboard.py:16:0: W0611: Unused import json (unused-import)
    scripts/generate-interactive-dashboard.py:24:0: W0611: Unused get_theme_font_size imported from utils (unused-import)
    
    -----------------------------------
    Your code has been rated at 3.98/10

❌ [ERROR] scripts/generate-location-card.py
    ************* Module generate-location-card
    scripts/generate-location-card.py:48:0: C0303: Trailing whitespace (trailing-whitespace)
    scripts/generate-location-card.py:80:0: C0303: Trailing whitespace (trailing-whitespace)
    scripts/generate-location-card.py:85:0: C0303: Trailing whitespace (trailing-whitespace)
    scripts/generate-location-card.py:93:0: C0303: Trailing whitespace (trailing-whitespace)
    scripts/generate-location-card.py:99:0: C0303: Trailing whitespace (trailing-whitespace)
    scripts/generate-location-card.py:105:0: C0303: Trailing whitespace (trailing-whitespace)
    scripts/generate-location-card.py:109:0: C0303: Trailing whitespace (trailing-whitespace)
    scripts/generate-location-card.py:126:0: C0303: Trailing whitespace (trailing-whitespace)
    scripts/generate-location-card.py:132:0: C0303: Trailing whitespace (trailing-whitespace)
    scripts/generate-location-card.py:140:0: C0303: Trailing whitespace (trailing-whitespace)
    scripts/generate-location-card.py:148:0: C0303: Trailing whitespace (trailing-whitespace)
    scripts/generate-location-card.py:153:0: C0301: Line too long (117/100) (line-too-long)
    scripts/generate-location-card.py:158:0: C0301: Line too long (182/100) (line-too-long)
    scripts/generate-location-card.py:165:0: C0301: Line too long (103/100) (line-too-long)
    scripts/generate-location-card.py:178:0: C0301: Line too long (173/100) (line-too-long)
    scripts/generate-location-card.py:182:0: C0301: Line too long (125/100) (line-too-long)
    scripts/generate-location-card.py:196:0: C0301: Line too long (113/100) (line-too-long)
    scripts/generate-location-card.py:201:0: C0301: Line too long (185/100) (line-too-long)
    scripts/generate-location-card.py:213:0: C0301: Line too long (121/100) (line-too-long)
    scripts/generate-location-card.py:251:0: C0301: Line too long (104/100) (line-too-long)
    scripts/generate-location-card.py:312:0: C0301: Line too long (137/100) (line-too-long)
    scripts/generate-location-card.py:1:0: C0103: Module name "generate-location-card" doesn't conform to snake_case naming style (invalid-name)
    scripts/generate-location-card.py:58:0: R0913: Too many arguments (6/5) (too-many-arguments)
    scripts/generate-location-card.py:58:0: R0917: Too many positional arguments (6/5) (too-many-positional-arguments)
    scripts/generate-location-card.py:58:0: R0914: Too many local variables (45/15) (too-many-locals)
    scripts/generate-location-card.py:60:4: W0613: Unused argument 'display_name' (unused-argument)
    scripts/generate-location-card.py:101:4: W0612: Unused variable 'font_size_base' (unused-variable)
    scripts/generate-location-card.py:219:0: R0914: Too many local variables (16/15) (too-many-locals)
    scripts/generate-location-card.py:248:14: W1309: Using an f-string that does not have any interpolated variables (f-string-without-interpolation)
    scripts/generate-location-card.py:260:14: W1309: Using an f-string that does not have any interpolated variables (f-string-without-interpolation)
    scripts/generate-location-card.py:270:14: W1309: Using an f-string that does not have any interpolated variables (f-string-without-interpolation)
    scripts/generate-location-card.py:296:11: W0718: Catching too general exception Exception (broad-exception-caught)
    scripts/generate-location-card.py:282:14: W1309: Using an f-string that does not have any interpolated variables (f-string-without-interpolation)
    scripts/generate-location-card.py:283:14: W1309: Using an f-string that does not have any interpolated variables (f-string-without-interpolation)
    scripts/generate-location-card.py:291:14: W1309: Using an f-string that does not have any interpolated variables (f-string-without-interpolation)
    scripts/generate-location-card.py:299:14: W1309: Using an f-string that does not have any interpolated variables (f-string-without-interpolation)
    scripts/generate-location-card.py:307:4: C0103: Variable name "MIN_BASE64_LENGTH" doesn't conform to snake_case naming style (invalid-name)
    scripts/generate-location-card.py:311:14: W1309: Using an f-string that does not have any interpolated variables (f-string-without-interpolation)
    scripts/generate-location-card.py:331:11: W0718: Catching too general exception Exception (broad-exception-caught)
    scripts/generate-location-card.py:334:14: W1309: Using an f-string that does not have any interpolated variables (f-string-without-interpolation)
    scripts/generate-location-card.py:344:14: W1309: Using an f-string that does not have any interpolated variables (f-string-without-interpolation)
    scripts/generate-location-card.py:354:14: W1309: Using an f-string that does not have any interpolated variables (f-string-without-interpolation)
    scripts/generate-location-card.py:364:13: W1514: Using open without explicitly specifying an encoding (unspecified-encoding)
    scripts/generate-location-card.py:372:14: W1309: Using an f-string that does not have any interpolated variables (f-string-without-interpolation)
    scripts/generate-location-card.py:219:0: R0911: Too many return statements (11/6) (too-many-return-statements)
    scripts/generate-location-card.py:219:0: R0912: Too many branches (25/12) (too-many-branches)
    scripts/generate-location-card.py:219:0: R0915: Too many statements (109/50) (too-many-statements)
    scripts/generate-location-card.py:11:0: W0611: Unused Dict imported from typing (unused-import)
    scripts/generate-location-card.py:11:0: W0611: Unused Any imported from typing (unused-import)
    scripts/generate-location-card.py:13:0: W0611: Unused load_json imported from lib.utils (unused-import)
    scripts/generate-location-card.py:13:0: W0611: Unused format_timestamp_local imported from lib.utils (unused-import)
    scripts/generate-location-card.py:13:0: W0611: Unused log_fallback_used imported from lib.utils (unused-import)
    
    -----------------------------------
    Your code has been rated at 7.09/10

❌ [ERROR] scripts/generate-oura-mood-card.py
    ************* Module generate-oura-mood-card
    scripts/generate-oura-mood-card.py:41:0: C0301: Line too long (102/100) (line-too-long)
    scripts/generate-oura-mood-card.py:49:0: C0303: Trailing whitespace (trailing-whitespace)
    scripts/generate-oura-mood-card.py:54:0: C0303: Trailing whitespace (trailing-whitespace)
    scripts/generate-oura-mood-card.py:83:0: C0301: Line too long (104/100) (line-too-long)
    scripts/generate-oura-mood-card.py:95:0: C0303: Trailing whitespace (trailing-whitespace)
    scripts/generate-oura-mood-card.py:101:0: C0303: Trailing whitespace (trailing-whitespace)
    scripts/generate-oura-mood-card.py:116:0: C0301: Line too long (126/100) (line-too-long)
    scripts/generate-oura-mood-card.py:119:0: C0301: Line too long (137/100) (line-too-long)
    scripts/generate-oura-mood-card.py:125:0: C0303: Trailing whitespace (trailing-whitespace)
    scripts/generate-oura-mood-card.py:131:0: C0303: Trailing whitespace (trailing-whitespace)
    scripts/generate-oura-mood-card.py:138:0: C0303: Trailing whitespace (trailing-whitespace)
    scripts/generate-oura-mood-card.py:143:0: C0303: Trailing whitespace (trailing-whitespace)
    scripts/generate-oura-mood-card.py:152:0: C0303: Trailing whitespace (trailing-whitespace)
    scripts/generate-oura-mood-card.py:156:0: C0303: Trailing whitespace (trailing-whitespace)
    scripts/generate-oura-mood-card.py:186:0: C0301: Line too long (103/100) (line-too-long)
    scripts/generate-oura-mood-card.py:193:0: C0301: Line too long (110/100) (line-too-long)
    scripts/generate-oura-mood-card.py:199:0: C0303: Trailing whitespace (trailing-whitespace)
    scripts/generate-oura-mood-card.py:205:0: C0303: Trailing whitespace (trailing-whitespace)
    scripts/generate-oura-mood-card.py:213:0: C0303: Trailing whitespace (trailing-whitespace)
    scripts/generate-oura-mood-card.py:218:0: C0301: Line too long (117/100) (line-too-long)
    scripts/generate-oura-mood-card.py:223:0: C0301: Line too long (139/100) (line-too-long)
    scripts/generate-oura-mood-card.py:241:0: C0301: Line too long (116/100) (line-too-long)
    scripts/generate-oura-mood-card.py:246:0: C0301: Line too long (104/100) (line-too-long)
    scripts/generate-oura-mood-card.py:247:0: C0301: Line too long (173/100) (line-too-long)
    scripts/generate-oura-mood-card.py:251:0: C0301: Line too long (104/100) (line-too-long)
    scripts/generate-oura-mood-card.py:261:0: C0301: Line too long (140/100) (line-too-long)
    scripts/generate-oura-mood-card.py:264:0: C0301: Line too long (103/100) (line-too-long)
    scripts/generate-oura-mood-card.py:279:0: C0301: Line too long (113/100) (line-too-long)
    scripts/generate-oura-mood-card.py:288:0: C0301: Line too long (113/100) (line-too-long)
    scripts/generate-oura-mood-card.py:298:0: C0301: Line too long (133/100) (line-too-long)
    scripts/generate-oura-mood-card.py:301:0: C0301: Line too long (101/100) (line-too-long)
    scripts/generate-oura-mood-card.py:313:0: C0301: Line too long (143/100) (line-too-long)
    scripts/generate-oura-mood-card.py:320:0: C0303: Trailing whitespace (trailing-whitespace)
    scripts/generate-oura-mood-card.py:325:0: C0303: Trailing whitespace (trailing-whitespace)
    scripts/generate-oura-mood-card.py:327:0: C0301: Line too long (162/100) (line-too-long)
    scripts/generate-oura-mood-card.py:371:0: C0301: Line too long (104/100) (line-too-long)
    scripts/generate-oura-mood-card.py:390:0: C0301: Line too long (102/100) (line-too-long)
    scripts/generate-oura-mood-card.py:1:0: C0103: Module name "generate-oura-mood-card" doesn't conform to snake_case naming style (invalid-name)
    scripts/generate-oura-mood-card.py:41:0: R0914: Too many local variables (19/15) (too-many-locals)
    scripts/generate-oura-mood-card.py:83:0: R0914: Too many local variables (19/15) (too-many-locals)
    scripts/generate-oura-mood-card.py:86:4: W0612: Unused variable 'theme' (unused-variable)
    scripts/generate-oura-mood-card.py:123:0: R0914: Too many local variables (62/15) (too-many-locals)
    scripts/generate-oura-mood-card.py:208:26: E0602: Undefined variable 'accent_hr' (undefined-variable)
    scripts/generate-oura-mood-card.py:218:63: E0602: Undefined variable 'font_size_xs' (undefined-variable)
    scripts/generate-oura-mood-card.py:123:0: R0915: Too many statements (68/50) (too-many-statements)
    scripts/generate-oura-mood-card.py:123:29: W0613: Unused argument 'metrics' (unused-argument)
    scripts/generate-oura-mood-card.py:180:4: W0612: Unused variable 'temp_deviation' (unused-variable)
    scripts/generate-oura-mood-card.py:183:4: W0612: Unused variable 'interpreted' (unused-variable)
    scripts/generate-oura-mood-card.py:362:17: W1514: Using open without explicitly specifying an encoding (unspecified-encoding)
    scripts/generate-oura-mood-card.py:370:11: W0718: Catching too general exception Exception (broad-exception-caught)
    scripts/generate-oura-mood-card.py:386:13: W1514: Using open without explicitly specifying an encoding (unspecified-encoding)
    scripts/generate-oura-mood-card.py:14:0: W0611: Unused load_json imported from lib.utils (unused-import)
    scripts/generate-oura-mood-card.py:14:0: W0611: Unused format_timestamp_local imported from lib.utils (unused-import)
    scripts/generate-oura-mood-card.py:14:0: W0611: Unused log_fallback_used imported from lib.utils (unused-import)
    
    -----------------------------------
    Your code has been rated at 6.05/10

❌ [ERROR] scripts/generate-status-page.py
    ************* Module generate-status-page
    scripts/generate-status-page.py:35:0: C0303: Trailing whitespace (trailing-whitespace)
    scripts/generate-status-page.py:50:0: C0303: Trailing whitespace (trailing-whitespace)
    scripts/generate-status-page.py:62:0: C0303: Trailing whitespace (trailing-whitespace)
    scripts/generate-status-page.py:65:0: C0303: Trailing whitespace (trailing-whitespace)
    scripts/generate-status-page.py:68:0: C0303: Trailing whitespace (trailing-whitespace)
    scripts/generate-status-page.py:76:0: C0303: Trailing whitespace (trailing-whitespace)
    scripts/generate-status-page.py:81:0: C0303: Trailing whitespace (trailing-whitespace)
    scripts/generate-status-page.py:87:0: C0303: Trailing whitespace (trailing-whitespace)
    scripts/generate-status-page.py:92:0: C0301: Line too long (123/100) (line-too-long)
    scripts/generate-status-page.py:95:0: C0301: Line too long (104/100) (line-too-long)
    scripts/generate-status-page.py:99:99: C0303: Trailing whitespace (trailing-whitespace)
    scripts/generate-status-page.py:104:0: C0303: Trailing whitespace (trailing-whitespace)
    scripts/generate-status-page.py:109:0: C0303: Trailing whitespace (trailing-whitespace)
    scripts/generate-status-page.py:112:0: C0303: Trailing whitespace (trailing-whitespace)
    scripts/generate-status-page.py:114:0: C0301: Line too long (126/100) (line-too-long)
    scripts/generate-status-page.py:117:0: C0301: Line too long (114/100) (line-too-long)
    scripts/generate-status-page.py:118:0: C0301: Line too long (114/100) (line-too-long)
    scripts/generate-status-page.py:127:52: C0303: Trailing whitespace (trailing-whitespace)
    scripts/generate-status-page.py:131:52: C0303: Trailing whitespace (trailing-whitespace)
    scripts/generate-status-page.py:137:58: C0303: Trailing whitespace (trailing-whitespace)
    scripts/generate-status-page.py:141:52: C0303: Trailing whitespace (trailing-whitespace)
    scripts/generate-status-page.py:145:52: C0303: Trailing whitespace (trailing-whitespace)
    scripts/generate-status-page.py:149:51: C0303: Trailing whitespace (trailing-whitespace)
    scripts/generate-status-page.py:154:0: C0303: Trailing whitespace (trailing-whitespace)
    scripts/generate-status-page.py:158:0: C0303: Trailing whitespace (trailing-whitespace)
    scripts/generate-status-page.py:161:0: C0303: Trailing whitespace (trailing-whitespace)
    scripts/generate-status-page.py:164:0: C0303: Trailing whitespace (trailing-whitespace)
    scripts/generate-status-page.py:168:54: C0303: Trailing whitespace (trailing-whitespace)
    scripts/generate-status-page.py:173:0: C0303: Trailing whitespace (trailing-whitespace)
    scripts/generate-status-page.py:177:0: C0303: Trailing whitespace (trailing-whitespace)
    scripts/generate-status-page.py:183:48: C0303: Trailing whitespace (trailing-whitespace)
    scripts/generate-status-page.py:190:48: C0303: Trailing whitespace (trailing-whitespace)
    scripts/generate-status-page.py:195:0: C0303: Trailing whitespace (trailing-whitespace)
    scripts/generate-status-page.py:199:0: C0303: Trailing whitespace (trailing-whitespace)
    scripts/generate-status-page.py:202:0: C0301: Line too long (104/100) (line-too-long)
    scripts/generate-status-page.py:204:48: C0303: Trailing whitespace (trailing-whitespace)
    scripts/generate-status-page.py:209:0: C0303: Trailing whitespace (trailing-whitespace)
    scripts/generate-status-page.py:212:48: C0303: Trailing whitespace (trailing-whitespace)
    scripts/generate-status-page.py:219:48: C0303: Trailing whitespace (trailing-whitespace)
    scripts/generate-status-page.py:224:0: C0303: Trailing whitespace (trailing-whitespace)
    scripts/generate-status-page.py:228:0: C0301: Line too long (178/100) (line-too-long)
    scripts/generate-status-page.py:230:47: C0303: Trailing whitespace (trailing-whitespace)
    scripts/generate-status-page.py:234:47: C0303: Trailing whitespace (trailing-whitespace)
    scripts/generate-status-page.py:235:0: C0301: Line too long (101/100) (line-too-long)
    scripts/generate-status-page.py:241:47: C0303: Trailing whitespace (trailing-whitespace)
    scripts/generate-status-page.py:246:0: C0303: Trailing whitespace (trailing-whitespace)
    scripts/generate-status-page.py:250:51: C0303: Trailing whitespace (trailing-whitespace)
    scripts/generate-status-page.py:251:59: C0303: Trailing whitespace (trailing-whitespace)
    scripts/generate-status-page.py:254:0: C0303: Trailing whitespace (trailing-whitespace)
    scripts/generate-status-page.py:256:0: C0303: Trailing whitespace (trailing-whitespace)
    scripts/generate-status-page.py:262:0: C0303: Trailing whitespace (trailing-whitespace)
    scripts/generate-status-page.py:1:0: C0103: Module name "generate-status-page" doesn't conform to snake_case naming style (invalid-name)
    scripts/generate-status-page.py:20:0: C0413: Import "from lib.metrics import get_all_workflow_metrics" should be placed at the top of the module (wrong-import-position)
    scripts/generate-status-page.py:21:0: C0413: Import "from lib.utils import escape_xml, format_time_since, get_theme_color, get_theme_font_size, get_theme_spacing, get_theme_status_color, load_theme" should be placed at the top of the module (wrong-import-position)
    scripts/generate-status-page.py:52:4: R1705: Unnecessary "elif" after "return", remove the leading "el" from "elif" (no-else-return)
    scripts/generate-status-page.py:60:0: R0914: Too many local variables (36/15) (too-many-locals)
    scripts/generate-status-page.py:60:29: W0621: Redefining name 'output_path' from outer scope (line 267) (redefined-outer-name)
    scripts/generate-status-page.py:106:13: W1514: Using open without explicitly specifying an encoding (unspecified-encoding)
    scripts/generate-status-page.py:260:9: W1514: Using open without explicitly specifying an encoding (unspecified-encoding)
    scripts/generate-status-page.py:60:0: R0915: Too many statements (65/50) (too-many-statements)
    scripts/generate-status-page.py:70:4: W0612: Unused variable 'theme' (unused-variable)
    scripts/generate-status-page.py:72:4: W0612: Unused variable 'card_bg' (unused-variable)
    scripts/generate-status-page.py:80:4: W0612: Unused variable 'spacing_md' (unused-variable)
    
    -----------------------------------
    Your code has been rated at 2.67/10

❌ [ERROR] scripts/generate-summary-card.py
    ************* Module generate-summary-card
    scripts/generate-summary-card.py:37:0: C0303: Trailing whitespace (trailing-whitespace)
    scripts/generate-summary-card.py:45:0: C0303: Trailing whitespace (trailing-whitespace)
    scripts/generate-summary-card.py:49:0: C0303: Trailing whitespace (trailing-whitespace)
    scripts/generate-summary-card.py:62:0: C0303: Trailing whitespace (trailing-whitespace)
    scripts/generate-summary-card.py:68:0: C0301: Line too long (121/100) (line-too-long)
    scripts/generate-summary-card.py:76:0: C0303: Trailing whitespace (trailing-whitespace)
    scripts/generate-summary-card.py:92:0: C0303: Trailing whitespace (trailing-whitespace)
    scripts/generate-summary-card.py:96:0: C0303: Trailing whitespace (trailing-whitespace)
    scripts/generate-summary-card.py:100:0: C0303: Trailing whitespace (trailing-whitespace)
    scripts/generate-summary-card.py:107:0: C0303: Trailing whitespace (trailing-whitespace)
    scripts/generate-summary-card.py:111:0: C0303: Trailing whitespace (trailing-whitespace)
    scripts/generate-summary-card.py:118:0: C0303: Trailing whitespace (trailing-whitespace)
    scripts/generate-summary-card.py:121:0: C0303: Trailing whitespace (trailing-whitespace)
    scripts/generate-summary-card.py:129:0: C0301: Line too long (101/100) (line-too-long)
    scripts/generate-summary-card.py:133:0: C0303: Trailing whitespace (trailing-whitespace)
    scripts/generate-summary-card.py:140:0: C0301: Line too long (138/100) (line-too-long)
    scripts/generate-summary-card.py:143:0: C0301: Line too long (155/100) (line-too-long)
    scripts/generate-summary-card.py:147:0: C0303: Trailing whitespace (trailing-whitespace)
    scripts/generate-summary-card.py:156:0: C0301: Line too long (141/100) (line-too-long)
    scripts/generate-summary-card.py:157:0: C0301: Line too long (109/100) (line-too-long)
    scripts/generate-summary-card.py:161:0: C0301: Line too long (194/100) (line-too-long)
    scripts/generate-summary-card.py:164:0: C0303: Trailing whitespace (trailing-whitespace)
    scripts/generate-summary-card.py:165:0: C0301: Line too long (139/100) (line-too-long)
    scripts/generate-summary-card.py:175:0: C0301: Line too long (173/100) (line-too-long)
    scripts/generate-summary-card.py:192:0: C0301: Line too long (103/100) (line-too-long)
    scripts/generate-summary-card.py:203:0: C0301: Line too long (112/100) (line-too-long)
    scripts/generate-summary-card.py:208:0: C0301: Line too long (136/100) (line-too-long)
    scripts/generate-summary-card.py:210:0: C0303: Trailing whitespace (trailing-whitespace)
    scripts/generate-summary-card.py:218:0: C0303: Trailing whitespace (trailing-whitespace)
    scripts/generate-summary-card.py:221:0: C0301: Line too long (104/100) (line-too-long)
    scripts/generate-summary-card.py:223:0: C0303: Trailing whitespace (trailing-whitespace)
    scripts/generate-summary-card.py:225:0: C0303: Trailing whitespace (trailing-whitespace)
    scripts/generate-summary-card.py:229:0: C0303: Trailing whitespace (trailing-whitespace)
    scripts/generate-summary-card.py:233:0: C0303: Trailing whitespace (trailing-whitespace)
    scripts/generate-summary-card.py:235:0: C0301: Line too long (118/100) (line-too-long)
    scripts/generate-summary-card.py:237:0: C0303: Trailing whitespace (trailing-whitespace)
    scripts/generate-summary-card.py:240:0: C0303: Trailing whitespace (trailing-whitespace)
    scripts/generate-summary-card.py:245:0: C0303: Trailing whitespace (trailing-whitespace)
    scripts/generate-summary-card.py:1:0: C0103: Module name "generate-summary-card" doesn't conform to snake_case naming style (invalid-name)
    scripts/generate-summary-card.py:47:14: W0612: Unused variable 'error' (unused-variable)
    scripts/generate-summary-card.py:74:0: R0914: Too many local variables (46/15) (too-many-locals)
    scripts/generate-summary-card.py:216:4: C0415: Import outside toplevel (argparse) (import-outside-toplevel)
    scripts/generate-summary-card.py:217:4: C0415: Import outside toplevel (traceback) (import-outside-toplevel)
    scripts/generate-summary-card.py:247:11: W0718: Catching too general exception Exception (broad-exception-caught)
    scripts/generate-summary-card.py:13:0: W0611: Unused import json (unused-import)
    scripts/generate-summary-card.py:18:0: W0611: Unused get_theme_font_size imported from lib.utils (unused-import)
    
    -----------------------------------
    Your code has been rated at 5.26/10

❌ [ERROR] scripts/generate-themed-dashboard.py
    ************* Module generate-themed-dashboard
    scripts/generate-themed-dashboard.py:77:0: C0303: Trailing whitespace (trailing-whitespace)
    scripts/generate-themed-dashboard.py:84:0: C0303: Trailing whitespace (trailing-whitespace)
    scripts/generate-themed-dashboard.py:88:0: C0303: Trailing whitespace (trailing-whitespace)
    scripts/generate-themed-dashboard.py:91:0: C0301: Line too long (142/100) (line-too-long)
    scripts/generate-themed-dashboard.py:92:0: C0301: Line too long (113/100) (line-too-long)
    scripts/generate-themed-dashboard.py:102:0: C0301: Line too long (108/100) (line-too-long)
    scripts/generate-themed-dashboard.py:111:0: C0303: Trailing whitespace (trailing-whitespace)
    scripts/generate-themed-dashboard.py:118:0: C0303: Trailing whitespace (trailing-whitespace)
    scripts/generate-themed-dashboard.py:122:0: C0303: Trailing whitespace (trailing-whitespace)
    scripts/generate-themed-dashboard.py:124:0: C0303: Trailing whitespace (trailing-whitespace)
    scripts/generate-themed-dashboard.py:127:0: C0301: Line too long (139/100) (line-too-long)
    scripts/generate-themed-dashboard.py:128:0: C0301: Line too long (110/100) (line-too-long)
    scripts/generate-themed-dashboard.py:131:0: C0301: Line too long (109/100) (line-too-long)
    scripts/generate-themed-dashboard.py:147:0: C0303: Trailing whitespace (trailing-whitespace)
    scripts/generate-themed-dashboard.py:154:0: C0303: Trailing whitespace (trailing-whitespace)
    scripts/generate-themed-dashboard.py:162:0: C0303: Trailing whitespace (trailing-whitespace)
    scripts/generate-themed-dashboard.py:165:0: C0301: Line too long (137/100) (line-too-long)
    scripts/generate-themed-dashboard.py:166:0: C0301: Line too long (108/100) (line-too-long)
    scripts/generate-themed-dashboard.py:169:0: C0301: Line too long (109/100) (line-too-long)
    scripts/generate-themed-dashboard.py:185:0: C0303: Trailing whitespace (trailing-whitespace)
    scripts/generate-themed-dashboard.py:192:0: C0303: Trailing whitespace (trailing-whitespace)
    scripts/generate-themed-dashboard.py:197:0: C0303: Trailing whitespace (trailing-whitespace)
    scripts/generate-themed-dashboard.py:200:0: C0301: Line too long (137/100) (line-too-long)
    scripts/generate-themed-dashboard.py:201:0: C0301: Line too long (108/100) (line-too-long)
    scripts/generate-themed-dashboard.py:204:0: C0301: Line too long (109/100) (line-too-long)
    scripts/generate-themed-dashboard.py:220:0: C0303: Trailing whitespace (trailing-whitespace)
    scripts/generate-themed-dashboard.py:227:0: C0303: Trailing whitespace (trailing-whitespace)
    scripts/generate-themed-dashboard.py:231:0: C0303: Trailing whitespace (trailing-whitespace)
    scripts/generate-themed-dashboard.py:235:0: C0303: Trailing whitespace (trailing-whitespace)
    scripts/generate-themed-dashboard.py:238:0: C0301: Line too long (138/100) (line-too-long)
    scripts/generate-themed-dashboard.py:239:0: C0301: Line too long (109/100) (line-too-long)
    scripts/generate-themed-dashboard.py:242:0: C0301: Line too long (109/100) (line-too-long)
    scripts/generate-themed-dashboard.py:246:0: C0301: Line too long (157/100) (line-too-long)
    scripts/generate-themed-dashboard.py:256:0: C0303: Trailing whitespace (trailing-whitespace)
    scripts/generate-themed-dashboard.py:259:0: C0303: Trailing whitespace (trailing-whitespace)
    scripts/generate-themed-dashboard.py:266:0: C0303: Trailing whitespace (trailing-whitespace)
    scripts/generate-themed-dashboard.py:274:0: C0303: Trailing whitespace (trailing-whitespace)
    scripts/generate-themed-dashboard.py:278:0: C0303: Trailing whitespace (trailing-whitespace)
    scripts/generate-themed-dashboard.py:282:0: C0303: Trailing whitespace (trailing-whitespace)
    scripts/generate-themed-dashboard.py:289:0: C0303: Trailing whitespace (trailing-whitespace)
    scripts/generate-themed-dashboard.py:293:0: C0301: Line too long (176/100) (line-too-long)
    scripts/generate-themed-dashboard.py:294:0: C0301: Line too long (111/100) (line-too-long)
    scripts/generate-themed-dashboard.py:297:0: C0301: Line too long (110/100) (line-too-long)
    scripts/generate-themed-dashboard.py:301:0: C0303: Trailing whitespace (trailing-whitespace)
    scripts/generate-themed-dashboard.py:302:0: C0301: Line too long (139/100) (line-too-long)
    scripts/generate-themed-dashboard.py:312:0: C0301: Line too long (173/100) (line-too-long)
    scripts/generate-themed-dashboard.py:332:0: C0301: Line too long (110/100) (line-too-long)
    scripts/generate-themed-dashboard.py:337:0: C0301: Line too long (136/100) (line-too-long)
    scripts/generate-themed-dashboard.py:339:0: C0303: Trailing whitespace (trailing-whitespace)
    scripts/generate-themed-dashboard.py:347:0: C0303: Trailing whitespace (trailing-whitespace)
    scripts/generate-themed-dashboard.py:348:0: C0301: Line too long (102/100) (line-too-long)
    scripts/generate-themed-dashboard.py:351:0: C0303: Trailing whitespace (trailing-whitespace)
    scripts/generate-themed-dashboard.py:353:0: C0303: Trailing whitespace (trailing-whitespace)
    scripts/generate-themed-dashboard.py:357:0: C0303: Trailing whitespace (trailing-whitespace)
    scripts/generate-themed-dashboard.py:362:0: C0303: Trailing whitespace (trailing-whitespace)
    scripts/generate-themed-dashboard.py:1:0: C0103: Module name "generate-themed-dashboard" doesn't conform to snake_case naming style (invalid-name)
    scripts/generate-themed-dashboard.py:22:0: E0401: Unable to import 'utils' (import-error)
    scripts/generate-themed-dashboard.py:22:0: C0413: Import "from utils import escape_xml, safe_value, load_theme, get_theme_color, get_theme_gradient, get_theme_typography, get_theme_font_size, get_theme_border_radius, format_timestamp_local, format_large_number, try_load_json" should be placed at the top of the module (wrong-import-position)
    scripts/generate-themed-dashboard.py:39:10: W0612: Unused variable 'error' (unused-variable)
    scripts/generate-themed-dashboard.py:45:10: W0612: Unused variable 'error' (unused-variable)
    scripts/generate-themed-dashboard.py:51:10: W0612: Unused variable 'error' (unused-variable)
    scripts/generate-themed-dashboard.py:57:18: W0612: Unused variable 'error' (unused-variable)
    scripts/generate-themed-dashboard.py:69:10: W0612: Unused variable 'error' (unused-variable)
    scripts/generate-themed-dashboard.py:73:70: W0613: Unused argument 'theme_name' (unused-argument)
    scripts/generate-themed-dashboard.py:107:70: W0613: Unused argument 'theme_name' (unused-argument)
    scripts/generate-themed-dashboard.py:143:0: R0914: Too many local variables (17/15) (too-many-locals)
    scripts/generate-themed-dashboard.py:143:67: W0613: Unused argument 'theme_name' (unused-argument)
    scripts/generate-themed-dashboard.py:181:68: W0613: Unused argument 'theme_name' (unused-argument)
    scripts/generate-themed-dashboard.py:216:0: R0914: Too many local variables (16/15) (too-many-locals)
    scripts/generate-themed-dashboard.py:216:69: W0613: Unused argument 'theme_name' (unused-argument)
    scripts/generate-themed-dashboard.py:254:0: R0914: Too many local variables (24/15) (too-many-locals)
    scripts/generate-themed-dashboard.py:270:4: W0612: Unused variable 'text_primary' (unused-variable)
    scripts/generate-themed-dashboard.py:345:4: C0415: Import outside toplevel (traceback) (import-outside-toplevel)
    scripts/generate-themed-dashboard.py:346:4: C0415: Import outside toplevel (argparse) (import-outside-toplevel)
    scripts/generate-themed-dashboard.py:364:11: W0718: Catching too general exception Exception (broad-exception-caught)
    scripts/generate-themed-dashboard.py:14:0: W0611: Unused import json (unused-import)
    scripts/generate-themed-dashboard.py:22:0: W0611: Unused get_theme_font_size imported from utils (unused-import)
    
    -----------------------------------
    Your code has been rated at 4.34/10

❌ [ERROR] scripts/generate-weather-card.py
    ************* Module generate-weather-card
    scripts/generate-weather-card.py:68:0: C0303: Trailing whitespace (trailing-whitespace)
    scripts/generate-weather-card.py:87:0: C0303: Trailing whitespace (trailing-whitespace)
    scripts/generate-weather-card.py:106:0: C0303: Trailing whitespace (trailing-whitespace)
    scripts/generate-weather-card.py:110:0: C0303: Trailing whitespace (trailing-whitespace)
    scripts/generate-weather-card.py:118:0: C0303: Trailing whitespace (trailing-whitespace)
    scripts/generate-weather-card.py:123:0: C0303: Trailing whitespace (trailing-whitespace)
    scripts/generate-weather-card.py:131:0: C0303: Trailing whitespace (trailing-whitespace)
    scripts/generate-weather-card.py:135:0: C0303: Trailing whitespace (trailing-whitespace)
    scripts/generate-weather-card.py:162:0: C0303: Trailing whitespace (trailing-whitespace)
    scripts/generate-weather-card.py:169:0: C0303: Trailing whitespace (trailing-whitespace)
    scripts/generate-weather-card.py:177:0: C0303: Trailing whitespace (trailing-whitespace)
    scripts/generate-weather-card.py:182:0: C0301: Line too long (117/100) (line-too-long)
    scripts/generate-weather-card.py:186:0: C0303: Trailing whitespace (trailing-whitespace)
    scripts/generate-weather-card.py:192:0: C0301: Line too long (109/100) (line-too-long)
    scripts/generate-weather-card.py:198:0: C0301: Line too long (139/100) (line-too-long)
    scripts/generate-weather-card.py:215:0: C0301: Line too long (173/100) (line-too-long)
    scripts/generate-weather-card.py:219:0: C0301: Line too long (104/100) (line-too-long)
    scripts/generate-weather-card.py:226:0: C0301: Line too long (127/100) (line-too-long)
    scripts/generate-weather-card.py:229:0: C0301: Line too long (104/100) (line-too-long)
    scripts/generate-weather-card.py:265:0: C0301: Line too long (121/100) (line-too-long)
    scripts/generate-weather-card.py:1:0: C0103: Module name "generate-weather-card" doesn't conform to snake_case naming style (invalid-name)
    scripts/generate-weather-card.py:91:0: R0913: Too many arguments (12/5) (too-many-arguments)
    scripts/generate-weather-card.py:91:0: R0917: Too many positional arguments (12/5) (too-many-positional-arguments)
    scripts/generate-weather-card.py:91:0: R0914: Too many local variables (59/15) (too-many-locals)
    scripts/generate-weather-card.py:91:0: R0915: Too many statements (53/50) (too-many-statements)
    scripts/generate-weather-card.py:125:4: W0612: Unused variable 'font_size_base' (unused-variable)
    scripts/generate-weather-card.py:8:0: W0611: Unused Path imported from pathlib (unused-import)
    scripts/generate-weather-card.py:10:0: W0611: Unused Dict imported from typing (unused-import)
    scripts/generate-weather-card.py:10:0: W0611: Unused Any imported from typing (unused-import)
    scripts/generate-weather-card.py:12:0: W0611: Unused load_and_validate_json imported from lib.utils (unused-import)
    scripts/generate-weather-card.py:12:0: W0611: Unused format_timestamp_local imported from lib.utils (unused-import)
    
    -----------------------------------
    Your code has been rated at 7.10/10

❌ [ERROR] scripts/generate_megalinter_summary.py
    ************* Module generate_megalinter_summary
    scripts/generate_megalinter_summary.py:18:0: R0902: Too many instance attributes (10/7) (too-many-instance-attributes)
    scripts/generate_megalinter_summary.py:49:23: W0718: Catching too general exception Exception (broad-exception-caught)
    scripts/generate_megalinter_summary.py:142:12: W0612: Unused variable 'severity' (unused-variable)
    
    -----------------------------------
    Your code has been rated at 9.71/10

❌ [ERROR] scripts/incremental-generate.py
    ************* Module incremental-generate
    scripts/incremental-generate.py:46:0: C0303: Trailing whitespace (trailing-whitespace)
    scripts/incremental-generate.py:53:0: C0301: Line too long (110/100) (line-too-long)
    scripts/incremental-generate.py:55:0: C0303: Trailing whitespace (trailing-whitespace)
    scripts/incremental-generate.py:60:0: C0303: Trailing whitespace (trailing-whitespace)
    scripts/incremental-generate.py:62:0: C0303: Trailing whitespace (trailing-whitespace)
    scripts/incremental-generate.py:67:0: C0303: Trailing whitespace (trailing-whitespace)
    scripts/incremental-generate.py:73:0: C0303: Trailing whitespace (trailing-whitespace)
    scripts/incremental-generate.py:78:0: C0303: Trailing whitespace (trailing-whitespace)
    scripts/incremental-generate.py:89:0: C0301: Line too long (117/100) (line-too-long)
    scripts/incremental-generate.py:91:0: C0303: Trailing whitespace (trailing-whitespace)
    scripts/incremental-generate.py:97:0: C0303: Trailing whitespace (trailing-whitespace)
    scripts/incremental-generate.py:102:0: C0303: Trailing whitespace (trailing-whitespace)
    scripts/incremental-generate.py:106:0: C0303: Trailing whitespace (trailing-whitespace)
    scripts/incremental-generate.py:1:0: C0103: Module name "incremental-generate" doesn't conform to snake_case naming style (invalid-name)
    scripts/incremental-generate.py:21:0: R0913: Too many arguments (6/5) (too-many-arguments)
    scripts/incremental-generate.py:21:0: R0917: Too many positional arguments (6/5) (too-many-positional-arguments)
    
    -----------------------------------
    Your code has been rated at 6.92/10

❌ [ERROR] scripts/inject-footer.py
    ************* Module inject-footer
    scripts/inject-footer.py:27:0: C0303: Trailing whitespace (trailing-whitespace)
    scripts/inject-footer.py:30:0: C0303: Trailing whitespace (trailing-whitespace)
    scripts/inject-footer.py:34:0: C0303: Trailing whitespace (trailing-whitespace)
    scripts/inject-footer.py:38:0: C0303: Trailing whitespace (trailing-whitespace)
    scripts/inject-footer.py:1:0: C0103: Module name "inject-footer" doesn't conform to snake_case naming style (invalid-name)
    
    -----------------------------------
    Your code has been rated at 8.39/10

✅ [SUCCESS] scripts/lib/__init__.py
❌ [ERROR] scripts/lib/card_base.py
    ************* Module lib.card_base
    scripts/lib/card_base.py:266:0: C0301: Line too long (103/100) (line-too-long)
    scripts/lib/card_base.py:273:0: C0301: Line too long (101/100) (line-too-long)
    scripts/lib/card_base.py:283:0: C0301: Line too long (103/100) (line-too-long)
    scripts/lib/card_base.py:284:0: C0301: Line too long (173/100) (line-too-long)
    scripts/lib/card_base.py:317:0: C0301: Line too long (177/100) (line-too-long)
    scripts/lib/card_base.py:351:0: C0301: Line too long (136/100) (line-too-long)
    scripts/lib/card_base.py:409:0: C0303: Trailing whitespace (trailing-whitespace)
    scripts/lib/card_base.py:411:0: C0303: Trailing whitespace (trailing-whitespace)
    scripts/lib/card_base.py:414:0: C0303: Trailing whitespace (trailing-whitespace)
    scripts/lib/card_base.py:417:0: C0303: Trailing whitespace (trailing-whitespace)
    scripts/lib/card_base.py:420:0: C0303: Trailing whitespace (trailing-whitespace)
    scripts/lib/card_base.py:428:0: C0303: Trailing whitespace (trailing-whitespace)
    scripts/lib/card_base.py:430:0: C0303: Trailing whitespace (trailing-whitespace)
    scripts/lib/card_base.py:434:0: C0301: Line too long (124/100) (line-too-long)
    scripts/lib/card_base.py:319:4: R0913: Too many arguments (6/5) (too-many-arguments)
    scripts/lib/card_base.py:319:4: R0917: Too many positional arguments (6/5) (too-many-positional-arguments)
    scripts/lib/card_base.py:410:8: C0415: Import outside toplevel (utils.format_time_since, utils.is_data_stale) (import-outside-toplevel)
    scripts/lib/card_base.py:454:8: W0107: Unnecessary pass statement (unnecessary-pass)
    scripts/lib/card_base.py:456:4: R0913: Too many arguments (8/5) (too-many-arguments)
    scripts/lib/card_base.py:456:4: R0917: Too many positional arguments (8/5) (too-many-positional-arguments)
    scripts/lib/card_base.py:513:13: W1514: Using open without explicitly specifying an encoding (unspecified-encoding)
    scripts/lib/card_base.py:26:0: R0904: Too many public methods (23/20) (too-many-public-methods)
    
    -----------------------------------
    Your code has been rated at 8.02/10

❌ [ERROR] scripts/lib/change_detection.py
    ************* Module lib.change_detection
    scripts/lib/change_detection.py:27:0: C0303: Trailing whitespace (trailing-whitespace)
    scripts/lib/change_detection.py:48:0: C0303: Trailing whitespace (trailing-whitespace)
    scripts/lib/change_detection.py:52:0: C0303: Trailing whitespace (trailing-whitespace)
    scripts/lib/change_detection.py:72:0: C0303: Trailing whitespace (trailing-whitespace)
    scripts/lib/change_detection.py:90:0: C0303: Trailing whitespace (trailing-whitespace)
    scripts/lib/change_detection.py:95:0: C0303: Trailing whitespace (trailing-whitespace)
    scripts/lib/change_detection.py:99:0: C0303: Trailing whitespace (trailing-whitespace)
    scripts/lib/change_detection.py:102:0: C0303: Trailing whitespace (trailing-whitespace)
    scripts/lib/change_detection.py:131:0: C0303: Trailing whitespace (trailing-whitespace)
    scripts/lib/change_detection.py:134:0: C0303: Trailing whitespace (trailing-whitespace)
    scripts/lib/change_detection.py:137:0: C0303: Trailing whitespace (trailing-whitespace)
    scripts/lib/change_detection.py:161:0: C0303: Trailing whitespace (trailing-whitespace)
    scripts/lib/change_detection.py:164:0: C0303: Trailing whitespace (trailing-whitespace)
    scripts/lib/change_detection.py:167:0: C0303: Trailing whitespace (trailing-whitespace)
    scripts/lib/change_detection.py:170:0: C0303: Trailing whitespace (trailing-whitespace)
    scripts/lib/change_detection.py:198:0: C0303: Trailing whitespace (trailing-whitespace)
    scripts/lib/change_detection.py:202:0: C0303: Trailing whitespace (trailing-whitespace)
    scripts/lib/change_detection.py:206:0: C0303: Trailing whitespace (trailing-whitespace)
    
    -----------------------------------
    Your code has been rated at 7.39/10

❌ [ERROR] scripts/lib/data_quality.py
    ************* Module lib.data_quality
    scripts/lib/data_quality.py:53:0: C0303: Trailing whitespace (trailing-whitespace)
    scripts/lib/data_quality.py:57:0: C0303: Trailing whitespace (trailing-whitespace)
    scripts/lib/data_quality.py:61:0: C0303: Trailing whitespace (trailing-whitespace)
    scripts/lib/data_quality.py:83:0: C0303: Trailing whitespace (trailing-whitespace)
    scripts/lib/data_quality.py:91:0: C0303: Trailing whitespace (trailing-whitespace)
    scripts/lib/data_quality.py:113:0: C0303: Trailing whitespace (trailing-whitespace)
    scripts/lib/data_quality.py:115:0: C0303: Trailing whitespace (trailing-whitespace)
    scripts/lib/data_quality.py:125:0: C0303: Trailing whitespace (trailing-whitespace)
    scripts/lib/data_quality.py:150:0: C0303: Trailing whitespace (trailing-whitespace)
    scripts/lib/data_quality.py:158:0: C0303: Trailing whitespace (trailing-whitespace)
    scripts/lib/data_quality.py:166:0: C0303: Trailing whitespace (trailing-whitespace)
    scripts/lib/data_quality.py:174:0: C0303: Trailing whitespace (trailing-whitespace)
    scripts/lib/data_quality.py:207:0: C0303: Trailing whitespace (trailing-whitespace)
    scripts/lib/data_quality.py:214:0: C0303: Trailing whitespace (trailing-whitespace)
    scripts/lib/data_quality.py:220:0: C0303: Trailing whitespace (trailing-whitespace)
    scripts/lib/data_quality.py:236:0: C0303: Trailing whitespace (trailing-whitespace)
    scripts/lib/data_quality.py:249:0: C0303: Trailing whitespace (trailing-whitespace)
    scripts/lib/data_quality.py:253:0: C0303: Trailing whitespace (trailing-whitespace)
    scripts/lib/data_quality.py:255:0: C0303: Trailing whitespace (trailing-whitespace)
    scripts/lib/data_quality.py:261:0: C0303: Trailing whitespace (trailing-whitespace)
    scripts/lib/data_quality.py:267:0: C0303: Trailing whitespace (trailing-whitespace)
    scripts/lib/data_quality.py:25:4: W0603: Using the global statement (global-statement)
    scripts/lib/data_quality.py:12:0: W0611: Unused import json (unused-import)
    
    -----------------------------------
    Your code has been rated at 7.50/10

❌ [ERROR] scripts/lib/logging_utils.py
    ************* Module lib.logging_utils
    scripts/lib/logging_utils.py:24:0: C0303: Trailing whitespace (trailing-whitespace)
    scripts/lib/logging_utils.py:36:0: C0303: Trailing whitespace (trailing-whitespace)
    scripts/lib/logging_utils.py:39:0: C0303: Trailing whitespace (trailing-whitespace)
    scripts/lib/logging_utils.py:43:0: C0303: Trailing whitespace (trailing-whitespace)
    scripts/lib/logging_utils.py:46:0: C0303: Trailing whitespace (trailing-whitespace)
    scripts/lib/logging_utils.py:55:0: C0303: Trailing whitespace (trailing-whitespace)
    scripts/lib/logging_utils.py:59:0: C0303: Trailing whitespace (trailing-whitespace)
    scripts/lib/logging_utils.py:66:0: C0303: Trailing whitespace (trailing-whitespace)
    scripts/lib/logging_utils.py:69:0: C0303: Trailing whitespace (trailing-whitespace)
    scripts/lib/logging_utils.py:73:0: C0303: Trailing whitespace (trailing-whitespace)
    scripts/lib/logging_utils.py:75:0: C0303: Trailing whitespace (trailing-whitespace)
    scripts/lib/logging_utils.py:79:0: C0303: Trailing whitespace (trailing-whitespace)
    scripts/lib/logging_utils.py:83:0: C0303: Trailing whitespace (trailing-whitespace)
    scripts/lib/logging_utils.py:87:0: C0303: Trailing whitespace (trailing-whitespace)
    scripts/lib/logging_utils.py:91:0: C0303: Trailing whitespace (trailing-whitespace)
    scripts/lib/logging_utils.py:106:0: C0303: Trailing whitespace (trailing-whitespace)
    scripts/lib/logging_utils.py:122:0: C0303: Trailing whitespace (trailing-whitespace)
    scripts/lib/logging_utils.py:137:0: C0303: Trailing whitespace (trailing-whitespace)
    scripts/lib/logging_utils.py:16:19: W1508: os.getenv default type is builtins.int. Expected str or None. (invalid-envvar-default)
    scripts/lib/logging_utils.py:17:24: W1508: os.getenv default type is builtins.int. Expected str or None. (invalid-envvar-default)
    scripts/lib/logging_utils.py:74:8: W1203: Use lazy % formatting in logging functions (logging-fstring-interpolation)
    scripts/lib/logging_utils.py:101:8: W1203: Use lazy % formatting in logging functions (logging-fstring-interpolation)
    scripts/lib/logging_utils.py:103:12: W1203: Use lazy % formatting in logging functions (logging-fstring-interpolation)
    scripts/lib/logging_utils.py:104:8: W1203: Use lazy % formatting in logging functions (logging-fstring-interpolation)
    scripts/lib/logging_utils.py:117:12: W1203: Use lazy % formatting in logging functions (logging-fstring-interpolation)
    scripts/lib/logging_utils.py:119:12: W1203: Use lazy % formatting in logging functions (logging-fstring-interpolation)
    scripts/lib/logging_utils.py:120:8: W1203: Use lazy % formatting in logging functions (logging-fstring-interpolation)
    scripts/lib/logging_utils.py:132:8: W1203: Use lazy % formatting in logging functions (logging-fstring-interpolation)
    scripts/lib/logging_utils.py:134:12: W1203: Use lazy % formatting in logging functions (logging-fstring-interpolation)
    scripts/lib/logging_utils.py:136:12: W1203: Use lazy % formatting in logging functions (logging-fstring-interpolation)
    scripts/lib/logging_utils.py:141:16: W1203: Use lazy % formatting in logging functions (logging-fstring-interpolation)
    scripts/lib/logging_utils.py:143:16: W1203: Use lazy % formatting in logging functions (logging-fstring-interpolation)
    
    -----------------------------------
    Your code has been rated at 5.22/10

❌ [ERROR] scripts/lib/metrics.py
    ************* Module lib.metrics
    scripts/lib/metrics.py:46:0: C0303: Trailing whitespace (trailing-whitespace)
    scripts/lib/metrics.py:61:0: C0303: Trailing whitespace (trailing-whitespace)
    scripts/lib/metrics.py:92:0: C0303: Trailing whitespace (trailing-whitespace)
    scripts/lib/metrics.py:97:0: C0303: Trailing whitespace (trailing-whitespace)
    scripts/lib/metrics.py:101:0: C0303: Trailing whitespace (trailing-whitespace)
    scripts/lib/metrics.py:104:0: C0303: Trailing whitespace (trailing-whitespace)
    scripts/lib/metrics.py:134:0: C0303: Trailing whitespace (trailing-whitespace)
    scripts/lib/metrics.py:137:0: C0303: Trailing whitespace (trailing-whitespace)
    scripts/lib/metrics.py:146:0: C0303: Trailing whitespace (trailing-whitespace)
    scripts/lib/metrics.py:150:0: C0303: Trailing whitespace (trailing-whitespace)
    scripts/lib/metrics.py:158:42: C0303: Trailing whitespace (trailing-whitespace)
    scripts/lib/metrics.py:161:0: C0303: Trailing whitespace (trailing-whitespace)
    scripts/lib/metrics.py:168:0: C0303: Trailing whitespace (trailing-whitespace)
    scripts/lib/metrics.py:176:0: C0303: Trailing whitespace (trailing-whitespace)
    scripts/lib/metrics.py:180:0: C0303: Trailing whitespace (trailing-whitespace)
    scripts/lib/metrics.py:183:0: C0303: Trailing whitespace (trailing-whitespace)
    scripts/lib/metrics.py:196:0: C0303: Trailing whitespace (trailing-whitespace)
    scripts/lib/metrics.py:204:0: C0303: Trailing whitespace (trailing-whitespace)
    scripts/lib/metrics.py:63:13: W1514: Using open without explicitly specifying an encoding (unspecified-encoding)
    scripts/lib/metrics.py:95:13: W1514: Using open without explicitly specifying an encoding (unspecified-encoding)
    scripts/lib/metrics.py:99:13: W1514: Using open without explicitly specifying an encoding (unspecified-encoding)
    scripts/lib/metrics.py:199:17: W1514: Using open without explicitly specifying an encoding (unspecified-encoding)
    
    -----------------------------------
    Your code has been rated at 7.38/10

❌ [ERROR] scripts/lib/utils.py
    ************* Module lib.utils
    scripts/lib/utils.py:589:0: C0303: Trailing whitespace (trailing-whitespace)
    scripts/lib/utils.py:595:0: C0303: Trailing whitespace (trailing-whitespace)
    scripts/lib/utils.py:610:0: C0303: Trailing whitespace (trailing-whitespace)
    scripts/lib/utils.py:938:0: C0301: Line too long (103/100) (line-too-long)
    scripts/lib/utils.py:1018:0: C0303: Trailing whitespace (trailing-whitespace)
    scripts/lib/utils.py:1025:0: C0303: Trailing whitespace (trailing-whitespace)
    scripts/lib/utils.py:1027:0: C0303: Trailing whitespace (trailing-whitespace)
    scripts/lib/utils.py:1031:0: C0303: Trailing whitespace (trailing-whitespace)
    scripts/lib/utils.py:1033:0: C0303: Trailing whitespace (trailing-whitespace)
    scripts/lib/utils.py:1055:0: C0303: Trailing whitespace (trailing-whitespace)
    scripts/lib/utils.py:1059:0: C0303: Trailing whitespace (trailing-whitespace)
    scripts/lib/utils.py:1062:0: C0303: Trailing whitespace (trailing-whitespace)
    scripts/lib/utils.py:1095:0: C0303: Trailing whitespace (trailing-whitespace)
    scripts/lib/utils.py:1099:0: C0303: Trailing whitespace (trailing-whitespace)
    scripts/lib/utils.py:1138:0: C0303: Trailing whitespace (trailing-whitespace)
    scripts/lib/utils.py:1141:0: C0303: Trailing whitespace (trailing-whitespace)
    scripts/lib/utils.py:1149:0: C0303: Trailing whitespace (trailing-whitespace)
    scripts/lib/utils.py:1152:0: C0303: Trailing whitespace (trailing-whitespace)
    scripts/lib/utils.py:1156:0: C0301: Line too long (114/100) (line-too-long)
    scripts/lib/utils.py:1291:0: C0303: Trailing whitespace (trailing-whitespace)
    scripts/lib/utils.py:1297:0: C0303: Trailing whitespace (trailing-whitespace)
    scripts/lib/utils.py:1301:0: C0303: Trailing whitespace (trailing-whitespace)
    scripts/lib/utils.py:1333:0: C0303: Trailing whitespace (trailing-whitespace)
    scripts/lib/utils.py:1344:0: C0303: Trailing whitespace (trailing-whitespace)
    scripts/lib/utils.py:1347:0: C0303: Trailing whitespace (trailing-whitespace)
    scripts/lib/utils.py:1352:0: C0303: Trailing whitespace (trailing-whitespace)
    scripts/lib/utils.py:1357:0: C0303: Trailing whitespace (trailing-whitespace)
    scripts/lib/utils.py:1361:0: C0303: Trailing whitespace (trailing-whitespace)
    scripts/lib/utils.py:1366:0: C0303: Trailing whitespace (trailing-whitespace)
    scripts/lib/utils.py:1472:0: C0303: Trailing whitespace (trailing-whitespace)
    scripts/lib/utils.py:1476:0: C0303: Trailing whitespace (trailing-whitespace)
    scripts/lib/utils.py:1480:0: C0303: Trailing whitespace (trailing-whitespace)
    scripts/lib/utils.py:1484:0: C0303: Trailing whitespace (trailing-whitespace)
    scripts/lib/utils.py:1487:0: C0303: Trailing whitespace (trailing-whitespace)
    scripts/lib/utils.py:1:0: C0302: Too many lines in module (1491/1000) (too-many-lines)
    scripts/lib/utils.py:25:4: W0603: Using the global statement (global-statement)
    scripts/lib/utils.py:129:13: W1514: Using open without explicitly specifying an encoding (unspecified-encoding)
    scripts/lib/utils.py:155:4: W0602: Using global for '_schema_cache' but no assignment is done (global-variable-not-assigned)
    scripts/lib/utils.py:197:11: W0718: Catching too general exception Exception (broad-exception-caught)
    scripts/lib/utils.py:248:13: W1514: Using open without explicitly specifying an encoding (unspecified-encoding)
    scripts/lib/utils.py:284:11: W0718: Catching too general exception Exception (broad-exception-caught)
    scripts/lib/utils.py:342:18: W1514: Using open without explicitly specifying an encoding (unspecified-encoding)
    scripts/lib/utils.py:397:4: R1705: Unnecessary "else" after "return", remove the "else" and de-indent the code inside it (no-else-return)
    scripts/lib/utils.py:409:0: R0913: Too many arguments (6/5) (too-many-arguments)
    scripts/lib/utils.py:409:0: R0917: Too many positional arguments (6/5) (too-many-positional-arguments)
    scripts/lib/utils.py:452:8: R1705: Unnecessary "else" after "return", remove the "else" and de-indent the code inside it (no-else-return)
    scripts/lib/utils.py:466:11: W0718: Catching too general exception Exception (broad-exception-caught)
    scripts/lib/utils.py:468:8: R1705: Unnecessary "else" after "return", remove the "else" and de-indent the code inside it (no-else-return)
    scripts/lib/utils.py:482:8: R1705: Unnecessary "else" after "return", remove the "else" and de-indent the code inside it (no-else-return)
    scripts/lib/utils.py:497:13: W1514: Using open without explicitly specifying an encoding (unspecified-encoding)
    scripts/lib/utils.py:502:8: R1705: Unnecessary "else" after "return", remove the "else" and de-indent the code inside it (no-else-return)
    scripts/lib/utils.py:409:0: R0912: Too many branches (14/12) (too-many-branches)
    scripts/lib/utils.py:574:4: W0603: Using the global statement (global-statement)
    scripts/lib/utils.py:891:4: W0603: Using the global statement (global-statement)
    scripts/lib/utils.py:903:13: W1514: Using open without explicitly specifying an encoding (unspecified-encoding)
    scripts/lib/utils.py:1063:4: R1705: Unnecessary "elif" after "return", remove the leading "el" from "elif" (no-else-return)
    scripts/lib/utils.py:1104:0: R0913: Too many arguments (7/5) (too-many-arguments)
    scripts/lib/utils.py:1104:0: R0917: Too many positional arguments (7/5) (too-many-positional-arguments)
    scripts/lib/utils.py:1180:4: R1705: Unnecessary "elif" after "return", remove the leading "el" from "elif" (no-else-return)
    scripts/lib/utils.py:1243:0: R0913: Too many arguments (6/5) (too-many-arguments)
    scripts/lib/utils.py:1243:0: R0917: Too many positional arguments (6/5) (too-many-positional-arguments)
    scripts/lib/utils.py:1243:0: R0914: Too many local variables (23/15) (too-many-locals)
    scripts/lib/utils.py:1243:0: R0912: Too many branches (19/12) (too-many-branches)
    scripts/lib/utils.py:1243:0: R0915: Too many statements (73/50) (too-many-statements)
    scripts/lib/utils.py:1349:12: W0612: Unused variable 'best_name' (unused-variable)
    scripts/lib/utils.py:1421:4: W0621: Redefining name 'Path' from outer scope (line 15) (redefined-outer-name)
    scripts/lib/utils.py:1421:4: W0404: Reimport 'Path' (imported line 15) (reimported)
    scripts/lib/utils.py:1421:4: C0415: Import outside toplevel (pathlib.Path) (import-outside-toplevel)
    scripts/lib/utils.py:41:4: W0611: Unused import jsonschema (unused-import)
    
    -----------------------------------
    Your code has been rated at 8.60/10

❌ [ERROR] scripts/lib/weather_alerts.py
    ************* Module lib.weather_alerts
    scripts/lib/weather_alerts.py:44:0: C0303: Trailing whitespace (trailing-whitespace)
    scripts/lib/weather_alerts.py:53:0: C0303: Trailing whitespace (trailing-whitespace)
    scripts/lib/weather_alerts.py:60:0: C0303: Trailing whitespace (trailing-whitespace)
    scripts/lib/weather_alerts.py:64:0: C0303: Trailing whitespace (trailing-whitespace)
    scripts/lib/weather_alerts.py:73:0: C0303: Trailing whitespace (trailing-whitespace)
    scripts/lib/weather_alerts.py:82:0: C0303: Trailing whitespace (trailing-whitespace)
    scripts/lib/weather_alerts.py:86:0: C0303: Trailing whitespace (trailing-whitespace)
    scripts/lib/weather_alerts.py:116:0: C0303: Trailing whitespace (trailing-whitespace)
    scripts/lib/weather_alerts.py:120:0: C0301: Line too long (106/100) (line-too-long)
    scripts/lib/weather_alerts.py:121:0: C0301: Line too long (102/100) (line-too-long)
    scripts/lib/weather_alerts.py:138:0: C0303: Trailing whitespace (trailing-whitespace)
    scripts/lib/weather_alerts.py:141:0: C0303: Trailing whitespace (trailing-whitespace)
    scripts/lib/weather_alerts.py:149:0: C0303: Trailing whitespace (trailing-whitespace)
    scripts/lib/weather_alerts.py:152:0: C0303: Trailing whitespace (trailing-whitespace)
    scripts/lib/weather_alerts.py:157:0: C0303: Trailing whitespace (trailing-whitespace)
    scripts/lib/weather_alerts.py:161:0: C0303: Trailing whitespace (trailing-whitespace)
    scripts/lib/weather_alerts.py:164:0: C0303: Trailing whitespace (trailing-whitespace)
    scripts/lib/weather_alerts.py:171:0: C0303: Trailing whitespace (trailing-whitespace)
    scripts/lib/weather_alerts.py:47:8: R1705: Unnecessary "elif" after "return", remove the leading "el" from "elif" (no-else-return)
    scripts/lib/weather_alerts.py:56:8: R1705: Unnecessary "else" after "return", remove the "else" and de-indent the code inside it (no-else-return)
    scripts/lib/weather_alerts.py:67:8: R1705: Unnecessary "elif" after "return", remove the leading "el" from "elif" (no-else-return)
    scripts/lib/weather_alerts.py:71:13: R1716: Simplify chained comparison between the operands (chained-comparison)
    scripts/lib/weather_alerts.py:77:8: R1705: Unnecessary "elif" after "return", remove the leading "el" from "elif" (no-else-return)
    scripts/lib/weather_alerts.py:12:0: R0911: Too many return statements (13/6) (too-many-return-statements)
    scripts/lib/weather_alerts.py:12:0: R0912: Too many branches (16/12) (too-many-branches)
    scripts/lib/weather_alerts.py:16:4: W0613: Unused argument 'is_day' (unused-argument)
    scripts/lib/weather_alerts.py:43:4: W0612: Unused variable 'alerts' (unused-variable)
    scripts/lib/weather_alerts.py:90:0: R0913: Too many arguments (7/5) (too-many-arguments)
    scripts/lib/weather_alerts.py:90:0: R0917: Too many positional arguments (7/5) (too-many-positional-arguments)
    scripts/lib/weather_alerts.py:91:4: W0613: Unused argument 'alert_type' (unused-argument)
    
    -----------------------------------
    Your code has been rated at 4.34/10

❌ [ERROR] scripts/log_summary.py
    ************* Module log_summary
    scripts/log_summary.py:84:0: C0301: Line too long (118/100) (line-too-long)
    scripts/log_summary.py:96:0: C0301: Line too long (119/100) (line-too-long)
    scripts/log_summary.py:122:0: C0301: Line too long (118/100) (line-too-long)
    scripts/log_summary.py:134:0: C0301: Line too long (119/100) (line-too-long)
    scripts/log_summary.py:145:0: C0301: Line too long (119/100) (line-too-long)
    scripts/log_summary.py:150:0: C0301: Line too long (119/100) (line-too-long)
    scripts/log_summary.py:155:0: C0301: Line too long (119/100) (line-too-long)
    scripts/log_summary.py:160:0: C0301: Line too long (119/100) (line-too-long)
    scripts/log_summary.py:165:0: C0301: Line too long (119/100) (line-too-long)
    scripts/log_summary.py:239:0: C0301: Line too long (118/100) (line-too-long)
    scripts/log_summary.py:20:0: C0413: Import "from lib.card_base import CardBase" should be placed at the top of the module (wrong-import-position)
    scripts/log_summary.py:21:0: C0413: Import "from lib.utils import escape_xml" should be placed at the top of the module (wrong-import-position)
    scripts/log_summary.py:22:0: C0413: Import "from lib.metrics import get_all_workflow_metrics" should be placed at the top of the module (wrong-import-position)
    scripts/log_summary.py:42:4: R0914: Too many local variables (34/15) (too-many-locals)
    scripts/log_summary.py:42:4: R0915: Too many statements (51/50) (too-many-statements)
    scripts/log_summary.py:297:31: W0718: Catching too general exception Exception (broad-exception-caught)
    scripts/log_summary.py:271:4: R1702: Too many nested blocks (6/5) (too-many-nested-blocks)
    scripts/log_summary.py:360:4: C0415: Import outside toplevel (argparse) (import-outside-toplevel)
    
    -----------------------------------
    Your code has been rated at 8.65/10

❌ [ERROR] scripts/oura-mood-engine.py
    ************* Module oura-mood-engine
    scripts/oura-mood-engine.py:256:0: C0301: Line too long (108/100) (line-too-long)
    scripts/oura-mood-engine.py:1:0: C0103: Module name "oura-mood-engine" doesn't conform to snake_case naming style (invalid-name)
    scripts/oura-mood-engine.py:135:7: R1716: Simplify chained comparison between the operands (chained-comparison)
    scripts/oura-mood-engine.py:102:0: R0911: Too many return statements (7/6) (too-many-return-statements)
    scripts/oura-mood-engine.py:111:4: W0612: Unused variable 'temp_deviation' (unused-variable)
    scripts/oura-mood-engine.py:142:0: R0912: Too many branches (16/12) (too-many-branches)
    scripts/oura-mood-engine.py:252:9: W1514: Using open without explicitly specifying an encoding (unspecified-encoding)
    scripts/oura-mood-engine.py:14:0: W0611: Unused safe_get imported from lib.utils (unused-import)
    
    -----------------------------------
    Your code has been rated at 9.20/10

❌ [ERROR] scripts/record-workflow-metrics.py
    ************* Module record-workflow-metrics
    scripts/record-workflow-metrics.py:51:0: C0303: Trailing whitespace (trailing-whitespace)
    scripts/record-workflow-metrics.py:53:0: C0303: Trailing whitespace (trailing-whitespace)
    scripts/record-workflow-metrics.py:58:0: C0303: Trailing whitespace (trailing-whitespace)
    scripts/record-workflow-metrics.py:62:0: C0303: Trailing whitespace (trailing-whitespace)
    scripts/record-workflow-metrics.py:64:0: C0303: Trailing whitespace (trailing-whitespace)
    scripts/record-workflow-metrics.py:74:0: C0303: Trailing whitespace (trailing-whitespace)
    scripts/record-workflow-metrics.py:83:0: C0303: Trailing whitespace (trailing-whitespace)
    scripts/record-workflow-metrics.py:88:0: C0301: Line too long (144/100) (line-too-long)
    scripts/record-workflow-metrics.py:90:0: C0303: Trailing whitespace (trailing-whitespace)
    scripts/record-workflow-metrics.py:95:0: C0303: Trailing whitespace (trailing-whitespace)
    scripts/record-workflow-metrics.py:1:0: C0103: Module name "record-workflow-metrics" doesn't conform to snake_case naming style (invalid-name)
    scripts/record-workflow-metrics.py:16:0: C0413: Import "from lib.metrics import record_workflow_run" should be placed at the top of the module (wrong-import-position)
    scripts/record-workflow-metrics.py:68:8: C0415: Import outside toplevel (json) (import-outside-toplevel)
    
    -----------------------------------
    Your code has been rated at 7.05/10

❌ [ERROR] scripts/store-historical-snapshot.py
    ************* Module store-historical-snapshot
    scripts/store-historical-snapshot.py:57:0: C0303: Trailing whitespace (trailing-whitespace)
    scripts/store-historical-snapshot.py:63:0: C0303: Trailing whitespace (trailing-whitespace)
    scripts/store-historical-snapshot.py:72:0: C0303: Trailing whitespace (trailing-whitespace)
    scripts/store-historical-snapshot.py:78:0: C0303: Trailing whitespace (trailing-whitespace)
    scripts/store-historical-snapshot.py:94:0: C0303: Trailing whitespace (trailing-whitespace)
    scripts/store-historical-snapshot.py:102:0: C0303: Trailing whitespace (trailing-whitespace)
    scripts/store-historical-snapshot.py:107:0: C0303: Trailing whitespace (trailing-whitespace)
    scripts/store-historical-snapshot.py:116:0: C0303: Trailing whitespace (trailing-whitespace)
    scripts/store-historical-snapshot.py:127:0: C0303: Trailing whitespace (trailing-whitespace)
    scripts/store-historical-snapshot.py:135:0: C0303: Trailing whitespace (trailing-whitespace)
    scripts/store-historical-snapshot.py:140:0: C0303: Trailing whitespace (trailing-whitespace)
    scripts/store-historical-snapshot.py:143:0: C0303: Trailing whitespace (trailing-whitespace)
    scripts/store-historical-snapshot.py:151:0: C0303: Trailing whitespace (trailing-whitespace)
    scripts/store-historical-snapshot.py:155:0: C0303: Trailing whitespace (trailing-whitespace)
    scripts/store-historical-snapshot.py:161:0: C0303: Trailing whitespace (trailing-whitespace)
    scripts/store-historical-snapshot.py:163:0: C0303: Trailing whitespace (trailing-whitespace)
    scripts/store-historical-snapshot.py:171:0: C0303: Trailing whitespace (trailing-whitespace)
    scripts/store-historical-snapshot.py:173:0: C0301: Line too long (132/100) (line-too-long)
    scripts/store-historical-snapshot.py:174:0: C0301: Line too long (144/100) (line-too-long)
    scripts/store-historical-snapshot.py:175:0: C0301: Line too long (141/100) (line-too-long)
    scripts/store-historical-snapshot.py:176:0: C0301: Line too long (131/100) (line-too-long)
    scripts/store-historical-snapshot.py:177:0: C0301: Line too long (133/100) (line-too-long)
    scripts/store-historical-snapshot.py:178:0: C0303: Trailing whitespace (trailing-whitespace)
    scripts/store-historical-snapshot.py:181:0: C0303: Trailing whitespace (trailing-whitespace)
    scripts/store-historical-snapshot.py:189:0: C0301: Line too long (109/100) (line-too-long)
    scripts/store-historical-snapshot.py:190:0: C0301: Line too long (106/100) (line-too-long)
    scripts/store-historical-snapshot.py:204:0: C0303: Trailing whitespace (trailing-whitespace)
    scripts/store-historical-snapshot.py:206:0: C0301: Line too long (132/100) (line-too-long)
    scripts/store-historical-snapshot.py:207:0: C0301: Line too long (144/100) (line-too-long)
    scripts/store-historical-snapshot.py:208:0: C0301: Line too long (141/100) (line-too-long)
    scripts/store-historical-snapshot.py:209:0: C0301: Line too long (131/100) (line-too-long)
    scripts/store-historical-snapshot.py:210:0: C0301: Line too long (133/100) (line-too-long)
    scripts/store-historical-snapshot.py:211:0: C0303: Trailing whitespace (trailing-whitespace)
    scripts/store-historical-snapshot.py:214:0: C0303: Trailing whitespace (trailing-whitespace)
    scripts/store-historical-snapshot.py:224:0: C0301: Line too long (109/100) (line-too-long)
    scripts/store-historical-snapshot.py:225:0: C0301: Line too long (106/100) (line-too-long)
    scripts/store-historical-snapshot.py:238:0: C0303: Trailing whitespace (trailing-whitespace)
    scripts/store-historical-snapshot.py:242:0: C0303: Trailing whitespace (trailing-whitespace)
    scripts/store-historical-snapshot.py:245:0: C0303: Trailing whitespace (trailing-whitespace)
    scripts/store-historical-snapshot.py:248:0: C0303: Trailing whitespace (trailing-whitespace)
    scripts/store-historical-snapshot.py:252:0: C0303: Trailing whitespace (trailing-whitespace)
    scripts/store-historical-snapshot.py:255:0: C0303: Trailing whitespace (trailing-whitespace)
    scripts/store-historical-snapshot.py:257:0: C0303: Trailing whitespace (trailing-whitespace)
    scripts/store-historical-snapshot.py:261:0: C0303: Trailing whitespace (trailing-whitespace)
    scripts/store-historical-snapshot.py:264:0: C0303: Trailing whitespace (trailing-whitespace)
    scripts/store-historical-snapshot.py:267:0: C0303: Trailing whitespace (trailing-whitespace)
    scripts/store-historical-snapshot.py:269:0: C0303: Trailing whitespace (trailing-whitespace)
    scripts/store-historical-snapshot.py:272:0: C0303: Trailing whitespace (trailing-whitespace)
    scripts/store-historical-snapshot.py:279:0: C0303: Trailing whitespace (trailing-whitespace)
    scripts/store-historical-snapshot.py:281:0: C0301: Line too long (104/100) (line-too-long)
    scripts/store-historical-snapshot.py:282:0: C0301: Line too long (112/100) (line-too-long)
    scripts/store-historical-snapshot.py:283:0: C0303: Trailing whitespace (trailing-whitespace)
    scripts/store-historical-snapshot.py:285:0: C0303: Trailing whitespace (trailing-whitespace)
    scripts/store-historical-snapshot.py:287:0: C0303: Trailing whitespace (trailing-whitespace)
    scripts/store-historical-snapshot.py:292:0: C0303: Trailing whitespace (trailing-whitespace)
    scripts/store-historical-snapshot.py:296:0: C0303: Trailing whitespace (trailing-whitespace)
    scripts/store-historical-snapshot.py:1:0: C0103: Module name "store-historical-snapshot" doesn't conform to snake_case naming style (invalid-name)
    scripts/store-historical-snapshot.py:32:10: W0612: Unused variable 'error' (unused-variable)
    scripts/store-historical-snapshot.py:38:10: W0612: Unused variable 'error' (unused-variable)
    scripts/store-historical-snapshot.py:44:10: W0612: Unused variable 'error' (unused-variable)
    scripts/store-historical-snapshot.py:50:10: W0612: Unused variable 'error' (unused-variable)
    scripts/store-historical-snapshot.py:141:9: W1514: Using open without explicitly specifying an encoding (unspecified-encoding)
    scripts/store-historical-snapshot.py:134:17: W0612: Unused variable 'day' (unused-variable)
    scripts/store-historical-snapshot.py:154:21: W0612: Unused variable 'day' (unused-variable)
    scripts/store-historical-snapshot.py:158:18: W0612: Unused variable 'error' (unused-variable)
    scripts/store-historical-snapshot.py:253:13: W1514: Using open without explicitly specifying an encoding (unspecified-encoding)
    scripts/store-historical-snapshot.py:270:13: W1514: Using open without explicitly specifying an encoding (unspecified-encoding)
    scripts/store-historical-snapshot.py:278:4: C0415: Import outside toplevel (argparse) (import-outside-toplevel)
    scripts/store-historical-snapshot.py:298:11: W0718: Catching too general exception Exception (broad-exception-caught)
    scripts/store-historical-snapshot.py:300:8: C0415: Import outside toplevel (traceback) (import-outside-toplevel)
    
    -----------------------------------
    Your code has been rated at 4.53/10

❌ [ERROR] scripts/update-readme.py
    ************* Module update-readme
    scripts/update-readme.py:74:0: C0301: Line too long (101/100) (line-too-long)
    scripts/update-readme.py:1:0: C0103: Module name "update-readme" doesn't conform to snake_case naming style (invalid-name)
    
    -----------------------------------
    Your code has been rated at 9.70/10

❌ [ERROR] scripts/validate-data-quality.py
    ************* Module validate-data-quality
    scripts/validate-data-quality.py:37:0: C0301: Line too long (105/100) (line-too-long)
    scripts/validate-data-quality.py:49:0: C0303: Trailing whitespace (trailing-whitespace)
    scripts/validate-data-quality.py:51:0: C0303: Trailing whitespace (trailing-whitespace)
    scripts/validate-data-quality.py:62:0: C0303: Trailing whitespace (trailing-whitespace)
    scripts/validate-data-quality.py:71:0: C0303: Trailing whitespace (trailing-whitespace)
    scripts/validate-data-quality.py:79:0: C0303: Trailing whitespace (trailing-whitespace)
    scripts/validate-data-quality.py:82:0: C0303: Trailing whitespace (trailing-whitespace)
    scripts/validate-data-quality.py:88:0: C0303: Trailing whitespace (trailing-whitespace)
    scripts/validate-data-quality.py:91:0: C0303: Trailing whitespace (trailing-whitespace)
    scripts/validate-data-quality.py:94:0: C0303: Trailing whitespace (trailing-whitespace)
    scripts/validate-data-quality.py:98:0: C0303: Trailing whitespace (trailing-whitespace)
    scripts/validate-data-quality.py:1:0: C0103: Module name "validate-data-quality" doesn't conform to snake_case naming style (invalid-name)
    scripts/validate-data-quality.py:18:0: C0413: Import "from lib.data_quality import validate_data_quality, log_data_quality_summary" should be placed at the top of the module (wrong-import-position)
    scripts/validate-data-quality.py:54:13: W1514: Using open without explicitly specifying an encoding (unspecified-encoding)
    scripts/validate-data-quality.py:13:0: W0611: Unused Optional imported from typing (unused-import)
    scripts/validate-data-quality.py:13:0: W0611: Unused Dict imported from typing (unused-import)
    scripts/validate-data-quality.py:13:0: W0611: Unused Any imported from typing (unused-import)
    
    -----------------------------------
    Your code has been rated at 6.38/10

✅ [SUCCESS] tests/__init__.py
❌ [ERROR] tests/test_card_generators.py
    ************* Module tests.test_card_generators
    tests/test_card_generators.py:11:0: E0401: Unable to import 'pytest' (import-error)
    tests/test_card_generators.py:31:4: R1705: Unnecessary "elif" after "return", remove the leading "el" from "elif" (no-else-return)
    tests/test_card_generators.py:12:0: C0411: standard import "sys" should be placed before third party import "pytest" (wrong-import-order)
    tests/test_card_generators.py:13:0: C0411: standard import "os" should be placed before third party import "pytest" (wrong-import-order)
    tests/test_card_generators.py:11:0: W0611: Unused import pytest (unused-import)
    
    -----------------------------------
    Your code has been rated at 8.47/10

❌ [ERROR] tests/test_change_detection.py
    ************* Module tests.test_change_detection
    tests/test_change_detection.py:30:0: C0303: Trailing whitespace (trailing-whitespace)
    tests/test_change_detection.py:36:0: C0303: Trailing whitespace (trailing-whitespace)
    tests/test_change_detection.py:41:0: C0303: Trailing whitespace (trailing-whitespace)
    tests/test_change_detection.py:47:0: C0303: Trailing whitespace (trailing-whitespace)
    tests/test_change_detection.py:52:0: C0303: Trailing whitespace (trailing-whitespace)
    tests/test_change_detection.py:58:0: C0303: Trailing whitespace (trailing-whitespace)
    tests/test_change_detection.py:62:0: C0303: Trailing whitespace (trailing-whitespace)
    tests/test_change_detection.py:74:0: C0303: Trailing whitespace (trailing-whitespace)
    tests/test_change_detection.py:78:0: C0303: Trailing whitespace (trailing-whitespace)
    tests/test_change_detection.py:82:0: C0303: Trailing whitespace (trailing-whitespace)
    tests/test_change_detection.py:89:0: C0303: Trailing whitespace (trailing-whitespace)
    tests/test_change_detection.py:93:0: C0303: Trailing whitespace (trailing-whitespace)
    tests/test_change_detection.py:97:0: C0303: Trailing whitespace (trailing-whitespace)
    tests/test_change_detection.py:101:0: C0303: Trailing whitespace (trailing-whitespace)
    tests/test_change_detection.py:109:0: C0303: Trailing whitespace (trailing-whitespace)
    tests/test_change_detection.py:115:0: C0303: Trailing whitespace (trailing-whitespace)
    tests/test_change_detection.py:119:0: C0303: Trailing whitespace (trailing-whitespace)
    tests/test_change_detection.py:127:0: C0303: Trailing whitespace (trailing-whitespace)
    tests/test_change_detection.py:133:0: C0303: Trailing whitespace (trailing-whitespace)
    tests/test_change_detection.py:143:0: C0303: Trailing whitespace (trailing-whitespace)
    tests/test_change_detection.py:148:0: C0303: Trailing whitespace (trailing-whitespace)
    tests/test_change_detection.py:154:0: C0303: Trailing whitespace (trailing-whitespace)
    tests/test_change_detection.py:157:0: C0303: Trailing whitespace (trailing-whitespace)
    tests/test_change_detection.py:159:0: C0303: Trailing whitespace (trailing-whitespace)
    tests/test_change_detection.py:165:0: C0303: Trailing whitespace (trailing-whitespace)
    tests/test_change_detection.py:168:0: C0303: Trailing whitespace (trailing-whitespace)
    tests/test_change_detection.py:175:0: C0303: Trailing whitespace (trailing-whitespace)
    tests/test_change_detection.py:181:0: C0303: Trailing whitespace (trailing-whitespace)
    tests/test_change_detection.py:185:0: C0303: Trailing whitespace (trailing-whitespace)
    tests/test_change_detection.py:189:0: C0303: Trailing whitespace (trailing-whitespace)
    tests/test_change_detection.py:195:0: C0303: Trailing whitespace (trailing-whitespace)
    tests/test_change_detection.py:199:0: C0303: Trailing whitespace (trailing-whitespace)
    tests/test_change_detection.py:202:0: C0303: Trailing whitespace (trailing-whitespace)
    tests/test_change_detection.py:206:0: C0303: Trailing whitespace (trailing-whitespace)
    tests/test_change_detection.py:212:0: C0303: Trailing whitespace (trailing-whitespace)
    tests/test_change_detection.py:217:0: C0303: Trailing whitespace (trailing-whitespace)
    tests/test_change_detection.py:221:0: C0303: Trailing whitespace (trailing-whitespace)
    tests/test_change_detection.py:229:0: C0303: Trailing whitespace (trailing-whitespace)
    tests/test_change_detection.py:236:0: C0303: Trailing whitespace (trailing-whitespace)
    tests/test_change_detection.py:242:0: C0303: Trailing whitespace (trailing-whitespace)
    tests/test_change_detection.py:245:0: C0303: Trailing whitespace (trailing-whitespace)
    tests/test_change_detection.py:249:0: C0303: Trailing whitespace (trailing-whitespace)
    tests/test_change_detection.py:256:0: C0303: Trailing whitespace (trailing-whitespace)
    tests/test_change_detection.py:260:0: C0303: Trailing whitespace (trailing-whitespace)
    tests/test_change_detection.py:263:0: C0303: Trailing whitespace (trailing-whitespace)
    tests/test_change_detection.py:270:0: C0303: Trailing whitespace (trailing-whitespace)
    tests/test_change_detection.py:276:0: C0303: Trailing whitespace (trailing-whitespace)
    tests/test_change_detection.py:279:0: C0303: Trailing whitespace (trailing-whitespace)
    tests/test_change_detection.py:287:0: C0303: Trailing whitespace (trailing-whitespace)
    tests/test_change_detection.py:292:0: C0303: Trailing whitespace (trailing-whitespace)
    tests/test_change_detection.py:296:0: C0303: Trailing whitespace (trailing-whitespace)
    tests/test_change_detection.py:300:0: C0303: Trailing whitespace (trailing-whitespace)
    tests/test_change_detection.py:303:0: C0303: Trailing whitespace (trailing-whitespace)
    tests/test_change_detection.py:310:0: C0303: Trailing whitespace (trailing-whitespace)
    tests/test_change_detection.py:313:0: C0301: Line too long (153/100) (line-too-long)
    tests/test_change_detection.py:11:0: E0401: Unable to import 'pytest' (import-error)
    tests/test_change_detection.py:17:0: E0401: Unable to import 'lib.change_detection' (import-error)
    tests/test_change_detection.py:17:0: C0413: Import "from lib.change_detection import compute_file_hash, compute_json_hash, load_hash_cache, save_hash_cache, has_data_changed, update_hash_cache, should_regenerate_svg" should be placed at the top of the module (wrong-import-position)
    tests/test_change_detection.py:183:17: W1514: Using open without explicitly specifying an encoding (unspecified-encoding)
    tests/test_change_detection.py:197:17: W1514: Using open without explicitly specifying an encoding (unspecified-encoding)
    tests/test_change_detection.py:214:17: W1514: Using open without explicitly specifying an encoding (unspecified-encoding)
    tests/test_change_detection.py:219:17: W1514: Using open without explicitly specifying an encoding (unspecified-encoding)
    tests/test_change_detection.py:238:17: W1514: Using open without explicitly specifying an encoding (unspecified-encoding)
    tests/test_change_detection.py:240:17: W1514: Using open without explicitly specifying an encoding (unspecified-encoding)
    tests/test_change_detection.py:258:17: W1514: Using open without explicitly specifying an encoding (unspecified-encoding)
    tests/test_change_detection.py:272:17: W1514: Using open without explicitly specifying an encoding (unspecified-encoding)
    tests/test_change_detection.py:274:17: W1514: Using open without explicitly specifying an encoding (unspecified-encoding)
    tests/test_change_detection.py:291:8: W0621: Redefining name 'subprocess' from outer scope (line 7) (redefined-outer-name)
    tests/test_change_detection.py:291:8: W0404: Reimport 'subprocess' (imported line 7) (reimported)
    tests/test_change_detection.py:291:8: C0415: Import outside toplevel (subprocess) (import-outside-toplevel)
    tests/test_change_detection.py:298:17: W1514: Using open without explicitly specifying an encoding (unspecified-encoding)
    tests/test_change_detection.py:305:21: W1510: 'subprocess.run' used without explicitly defining the value for 'check'. (subprocess-run-check)
    tests/test_change_detection.py:285:0: R0903: Too few public methods (1/2) (too-few-public-methods)
    tests/test_change_detection.py:14:0: C0411: standard import "sys" should be placed before third party import "pytest" (wrong-import-order)
    tests/test_change_detection.py:7:0: W0611: Unused import subprocess (unused-import)
    tests/test_change_detection.py:11:0: W0611: Unused import pytest (unused-import)
    
    -----------------------------------
    Your code has been rated at 5.23/10

❌ [ERROR] tests/test_data_quality.py
    ************* Module tests.test_data_quality
    tests/test_data_quality.py:25:0: C0303: Trailing whitespace (trailing-whitespace)
    tests/test_data_quality.py:29:0: C0303: Trailing whitespace (trailing-whitespace)
    tests/test_data_quality.py:34:0: C0303: Trailing whitespace (trailing-whitespace)
    tests/test_data_quality.py:43:0: C0303: Trailing whitespace (trailing-whitespace)
    tests/test_data_quality.py:55:0: C0303: Trailing whitespace (trailing-whitespace)
    tests/test_data_quality.py:60:0: C0303: Trailing whitespace (trailing-whitespace)
    tests/test_data_quality.py:63:0: C0303: Trailing whitespace (trailing-whitespace)
    tests/test_data_quality.py:68:0: C0303: Trailing whitespace (trailing-whitespace)
    tests/test_data_quality.py:71:0: C0303: Trailing whitespace (trailing-whitespace)
    tests/test_data_quality.py:76:0: C0303: Trailing whitespace (trailing-whitespace)
    tests/test_data_quality.py:79:0: C0303: Trailing whitespace (trailing-whitespace)
    tests/test_data_quality.py:84:0: C0303: Trailing whitespace (trailing-whitespace)
    tests/test_data_quality.py:91:0: C0303: Trailing whitespace (trailing-whitespace)
    tests/test_data_quality.py:95:0: C0303: Trailing whitespace (trailing-whitespace)
    tests/test_data_quality.py:98:0: C0303: Trailing whitespace (trailing-whitespace)
    tests/test_data_quality.py:102:0: C0303: Trailing whitespace (trailing-whitespace)
    tests/test_data_quality.py:106:0: C0303: Trailing whitespace (trailing-whitespace)
    tests/test_data_quality.py:110:0: C0303: Trailing whitespace (trailing-whitespace)
    tests/test_data_quality.py:114:0: C0303: Trailing whitespace (trailing-whitespace)
    tests/test_data_quality.py:118:0: C0303: Trailing whitespace (trailing-whitespace)
    tests/test_data_quality.py:126:0: C0303: Trailing whitespace (trailing-whitespace)
    tests/test_data_quality.py:132:0: C0303: Trailing whitespace (trailing-whitespace)
    tests/test_data_quality.py:136:0: C0303: Trailing whitespace (trailing-whitespace)
    tests/test_data_quality.py:140:0: C0303: Trailing whitespace (trailing-whitespace)
    tests/test_data_quality.py:145:0: C0303: Trailing whitespace (trailing-whitespace)
    tests/test_data_quality.py:150:0: C0303: Trailing whitespace (trailing-whitespace)
    tests/test_data_quality.py:158:0: C0303: Trailing whitespace (trailing-whitespace)
    tests/test_data_quality.py:167:0: C0303: Trailing whitespace (trailing-whitespace)
    tests/test_data_quality.py:173:0: C0303: Trailing whitespace (trailing-whitespace)
    tests/test_data_quality.py:178:0: C0303: Trailing whitespace (trailing-whitespace)
    tests/test_data_quality.py:183:0: C0303: Trailing whitespace (trailing-whitespace)
    tests/test_data_quality.py:185:0: C0303: Trailing whitespace (trailing-whitespace)
    tests/test_data_quality.py:188:0: C0303: Trailing whitespace (trailing-whitespace)
    tests/test_data_quality.py:192:0: C0303: Trailing whitespace (trailing-whitespace)
    tests/test_data_quality.py:194:0: C0303: Trailing whitespace (trailing-whitespace)
    tests/test_data_quality.py:198:0: C0303: Trailing whitespace (trailing-whitespace)
    tests/test_data_quality.py:206:0: C0303: Trailing whitespace (trailing-whitespace)
    tests/test_data_quality.py:211:0: C0303: Trailing whitespace (trailing-whitespace)
    tests/test_data_quality.py:217:0: C0303: Trailing whitespace (trailing-whitespace)
    tests/test_data_quality.py:223:0: C0303: Trailing whitespace (trailing-whitespace)
    tests/test_data_quality.py:229:0: C0303: Trailing whitespace (trailing-whitespace)
    tests/test_data_quality.py:233:0: C0303: Trailing whitespace (trailing-whitespace)
    tests/test_data_quality.py:237:0: C0303: Trailing whitespace (trailing-whitespace)
    tests/test_data_quality.py:239:0: C0303: Trailing whitespace (trailing-whitespace)
    tests/test_data_quality.py:6:0: E0401: Unable to import 'pytest' (import-error)
    tests/test_data_quality.py:14:0: E0401: Unable to import 'lib.data_quality' (import-error)
    tests/test_data_quality.py:14:0: C0413: Import "from lib.data_quality import is_nan_value, check_missing_fields, check_nan_values, check_value_range, validate_data_quality" should be placed at the top of the module (wrong-import-position)
    tests/test_data_quality.py:7:0: C0411: standard import "sys" should be placed before third party import "pytest" (wrong-import-order)
    tests/test_data_quality.py:8:0: C0411: standard import "os" should be placed before third party import "pytest" (wrong-import-order)
    tests/test_data_quality.py:9:0: C0411: standard import "math" should be placed before third party import "pytest" (wrong-import-order)
    tests/test_data_quality.py:6:0: W0611: Unused import pytest (unused-import)
    
    -----------------------------------
    Your code has been rated at 5.32/10

❌ [ERROR] tests/test_developer_dashboard.py
    ************* Module tests.test_developer_dashboard
    tests/test_developer_dashboard.py:172:0: C0303: Trailing whitespace (trailing-whitespace)
    tests/test_developer_dashboard.py:180:0: C0303: Trailing whitespace (trailing-whitespace)
    tests/test_developer_dashboard.py:11:0: E0401: Unable to import 'pytest' (import-error)
    tests/test_developer_dashboard.py:16:0: E0401: Unable to import 'lib.utils' (import-error)
    tests/test_developer_dashboard.py:16:0: C0413: Import "from lib.utils import try_load_and_validate_json, try_validate_json" should be placed at the top of the module (wrong-import-position)
    tests/test_developer_dashboard.py:22:4: R1705: Unnecessary "elif" after "return", remove the leading "el" from "elif" (no-else-return)
    tests/test_developer_dashboard.py:174:15: C1803: "activity_grid == []" can be simplified to "not activity_grid", if it is strictly a sequence, as an empty list is falsey (use-implicit-booleaness-not-comparison)
    tests/test_developer_dashboard.py:11:0: W0611: Unused import pytest (unused-import)
    
    -----------------------------------
    Your code has been rated at 7.58/10

❌ [ERROR] tests/test_fallback.py
    ************* Module tests.test_fallback
    tests/test_fallback.py:13:0: E0401: Unable to import 'pytest' (import-error)
    tests/test_fallback.py:18:0: E0401: Unable to import 'lib.utils' (import-error)
    tests/test_fallback.py:18:0: C0413: Import "from lib.utils import try_load_json, try_validate_json, try_load_and_validate_json, fallback_exists, log_fallback_used, generate_card_with_fallback, handle_error_with_fallback" should be placed at the top of the module (wrong-import-position)
    tests/test_fallback.py:210:0: R0903: Too few public methods (1/2) (too-few-public-methods)
    tests/test_fallback.py:275:22: W0613: Unused argument 'data' (unused-argument)
    tests/test_fallback.py:298:22: W0613: Unused argument 'data' (unused-argument)
    tests/test_fallback.py:342:26: W0613: Unused argument 'data' (unused-argument)
    tests/test_fallback.py:361:22: W0613: Unused argument 'data' (unused-argument)
    tests/test_fallback.py:382:22: W0613: Unused argument 'data' (unused-argument)
    tests/test_fallback.py:9:0: W0611: Unused import tempfile (unused-import)
    tests/test_fallback.py:10:0: W0611: Unused Path imported from pathlib (unused-import)
    tests/test_fallback.py:11:0: W0611: Unused patch imported from unittest.mock (unused-import)
    
    -----------------------------------
    Your code has been rated at 8.83/10

❌ [ERROR] tests/test_location_diagnostics.py
    ************* Module tests.test_location_diagnostics
    tests/test_location_diagnostics.py:32:0: C0303: Trailing whitespace (trailing-whitespace)
    tests/test_location_diagnostics.py:48:0: C0303: Trailing whitespace (trailing-whitespace)
    tests/test_location_diagnostics.py:51:0: C0303: Trailing whitespace (trailing-whitespace)
    tests/test_location_diagnostics.py:65:0: C0303: Trailing whitespace (trailing-whitespace)
    tests/test_location_diagnostics.py:67:0: C0303: Trailing whitespace (trailing-whitespace)
    tests/test_location_diagnostics.py:74:0: C0303: Trailing whitespace (trailing-whitespace)
    tests/test_location_diagnostics.py:85:0: C0303: Trailing whitespace (trailing-whitespace)
    tests/test_location_diagnostics.py:88:0: C0303: Trailing whitespace (trailing-whitespace)
    tests/test_location_diagnostics.py:90:0: C0303: Trailing whitespace (trailing-whitespace)
    tests/test_location_diagnostics.py:97:0: C0303: Trailing whitespace (trailing-whitespace)
    tests/test_location_diagnostics.py:107:0: C0303: Trailing whitespace (trailing-whitespace)
    tests/test_location_diagnostics.py:111:0: C0303: Trailing whitespace (trailing-whitespace)
    tests/test_location_diagnostics.py:113:0: C0303: Trailing whitespace (trailing-whitespace)
    tests/test_location_diagnostics.py:120:0: C0303: Trailing whitespace (trailing-whitespace)
    tests/test_location_diagnostics.py:129:0: C0303: Trailing whitespace (trailing-whitespace)
    tests/test_location_diagnostics.py:133:0: C0303: Trailing whitespace (trailing-whitespace)
    tests/test_location_diagnostics.py:135:0: C0303: Trailing whitespace (trailing-whitespace)
    tests/test_location_diagnostics.py:142:0: C0303: Trailing whitespace (trailing-whitespace)
    tests/test_location_diagnostics.py:151:0: C0303: Trailing whitespace (trailing-whitespace)
    tests/test_location_diagnostics.py:153:0: C0303: Trailing whitespace (trailing-whitespace)
    tests/test_location_diagnostics.py:160:0: C0303: Trailing whitespace (trailing-whitespace)
    tests/test_location_diagnostics.py:171:0: C0303: Trailing whitespace (trailing-whitespace)
    tests/test_location_diagnostics.py:174:0: C0303: Trailing whitespace (trailing-whitespace)
    tests/test_location_diagnostics.py:181:0: C0303: Trailing whitespace (trailing-whitespace)
    tests/test_location_diagnostics.py:187:0: C0303: Trailing whitespace (trailing-whitespace)
    tests/test_location_diagnostics.py:199:0: C0303: Trailing whitespace (trailing-whitespace)
    tests/test_location_diagnostics.py:201:0: C0303: Trailing whitespace (trailing-whitespace)
    tests/test_location_diagnostics.py:204:0: C0303: Trailing whitespace (trailing-whitespace)
    tests/test_location_diagnostics.py:211:0: C0303: Trailing whitespace (trailing-whitespace)
    tests/test_location_diagnostics.py:224:0: C0303: Trailing whitespace (trailing-whitespace)
    tests/test_location_diagnostics.py:244:0: C0303: Trailing whitespace (trailing-whitespace)
    tests/test_location_diagnostics.py:15:0: E0401: Unable to import 'PIL' (import-error)
    tests/test_location_diagnostics.py:17:0: E0401: Unable to import 'pytest' (import-error)
    tests/test_location_diagnostics.py:22:0: E0401: Unable to import 'lib.utils' (import-error)
    tests/test_location_diagnostics.py:22:0: C0413: Import "from lib.utils import try_load_json" should be placed at the top of the module (wrong-import-position)
    tests/test_location_diagnostics.py:35:8: C0415: Import outside toplevel (shutil) (import-outside-toplevel)
    tests/test_location_diagnostics.py:49:13: W1514: Using open without explicitly specifying an encoding (unspecified-encoding)
    tests/test_location_diagnostics.py:68:17: W1510: 'subprocess.run' used without explicitly defining the value for 'check'. (subprocess-run-check)
    tests/test_location_diagnostics.py:86:13: W1514: Using open without explicitly specifying an encoding (unspecified-encoding)
    tests/test_location_diagnostics.py:91:17: W1510: 'subprocess.run' used without explicitly defining the value for 'check'. (subprocess-run-check)
    tests/test_location_diagnostics.py:109:13: W1514: Using open without explicitly specifying an encoding (unspecified-encoding)
    tests/test_location_diagnostics.py:114:17: W1510: 'subprocess.run' used without explicitly defining the value for 'check'. (subprocess-run-check)
    tests/test_location_diagnostics.py:131:13: W1514: Using open without explicitly specifying an encoding (unspecified-encoding)
    tests/test_location_diagnostics.py:136:17: W1510: 'subprocess.run' used without explicitly defining the value for 'check'. (subprocess-run-check)
    tests/test_location_diagnostics.py:154:17: W1510: 'subprocess.run' used without explicitly defining the value for 'check'. (subprocess-run-check)
    tests/test_location_diagnostics.py:175:17: W1510: 'subprocess.run' used without explicitly defining the value for 'check'. (subprocess-run-check)
    tests/test_location_diagnostics.py:189:13: W1514: Using open without explicitly specifying an encoding (unspecified-encoding)
    tests/test_location_diagnostics.py:205:17: W1510: 'subprocess.run' used without explicitly defining the value for 'check'. (subprocess-run-check)
    tests/test_location_diagnostics.py:30:8: W0201: Attribute 'test_dir' defined outside __init__ (attribute-defined-outside-init)
    tests/test_location_diagnostics.py:31:8: W0201: Attribute 'scripts_dir' defined outside __init__ (attribute-defined-outside-init)
    tests/test_location_diagnostics.py:17:0: W0611: Unused import pytest (unused-import)
    
    -----------------------------------
    Your code has been rated at 5.08/10

❌ [ERROR] tests/test_log_summary.py
    ************* Module tests.test_log_summary
    tests/test_log_summary.py:14:0: E0401: Unable to import 'log_summary' (import-error)
    tests/test_log_summary.py:14:0: C0413: Import "from log_summary import WorkflowPerformanceCard, aggregate_log_summary, generate_dashboard_svg" should be placed at the top of the module (wrong-import-position)
    tests/test_log_summary.py:211:8: C0415: Import outside toplevel (log_summary) (import-outside-toplevel)
    tests/test_log_summary.py:211:8: E0401: Unable to import 'log_summary' (import-error)
    
    -----------------------------------
    Your code has been rated at 8.74/10

❌ [ERROR] tests/test_mapbox_integration.py
    ************* Module tests.test_mapbox_integration
    tests/test_mapbox_integration.py:30:0: C0303: Trailing whitespace (trailing-whitespace)
    tests/test_mapbox_integration.py:49:0: C0303: Trailing whitespace (trailing-whitespace)
    tests/test_mapbox_integration.py:52:0: C0303: Trailing whitespace (trailing-whitespace)
    tests/test_mapbox_integration.py:55:0: C0303: Trailing whitespace (trailing-whitespace)
    tests/test_mapbox_integration.py:58:0: C0303: Trailing whitespace (trailing-whitespace)
    tests/test_mapbox_integration.py:68:0: C0303: Trailing whitespace (trailing-whitespace)
    tests/test_mapbox_integration.py:70:0: C0303: Trailing whitespace (trailing-whitespace)
    tests/test_mapbox_integration.py:78:0: C0303: Trailing whitespace (trailing-whitespace)
    tests/test_mapbox_integration.py:82:0: C0303: Trailing whitespace (trailing-whitespace)
    tests/test_mapbox_integration.py:91:0: C0303: Trailing whitespace (trailing-whitespace)
    tests/test_mapbox_integration.py:94:0: C0303: Trailing whitespace (trailing-whitespace)
    tests/test_mapbox_integration.py:96:0: C0303: Trailing whitespace (trailing-whitespace)
    tests/test_mapbox_integration.py:105:0: C0303: Trailing whitespace (trailing-whitespace)
    tests/test_mapbox_integration.py:108:0: C0303: Trailing whitespace (trailing-whitespace)
    tests/test_mapbox_integration.py:110:0: C0303: Trailing whitespace (trailing-whitespace)
    tests/test_mapbox_integration.py:119:0: C0303: Trailing whitespace (trailing-whitespace)
    tests/test_mapbox_integration.py:122:0: C0303: Trailing whitespace (trailing-whitespace)
    tests/test_mapbox_integration.py:125:0: C0303: Trailing whitespace (trailing-whitespace)
    tests/test_mapbox_integration.py:146:0: C0303: Trailing whitespace (trailing-whitespace)
    tests/test_mapbox_integration.py:149:0: C0303: Trailing whitespace (trailing-whitespace)
    tests/test_mapbox_integration.py:156:0: C0303: Trailing whitespace (trailing-whitespace)
    tests/test_mapbox_integration.py:159:0: C0303: Trailing whitespace (trailing-whitespace)
    tests/test_mapbox_integration.py:168:0: C0303: Trailing whitespace (trailing-whitespace)
    tests/test_mapbox_integration.py:170:0: C0303: Trailing whitespace (trailing-whitespace)
    tests/test_mapbox_integration.py:177:0: C0303: Trailing whitespace (trailing-whitespace)
    tests/test_mapbox_integration.py:184:0: C0303: Trailing whitespace (trailing-whitespace)
    tests/test_mapbox_integration.py:187:0: C0303: Trailing whitespace (trailing-whitespace)
    tests/test_mapbox_integration.py:194:0: C0303: Trailing whitespace (trailing-whitespace)
    tests/test_mapbox_integration.py:16:0: E0401: Unable to import 'pytest' (import-error)
    tests/test_mapbox_integration.py:17:0: E0401: Unable to import 'PIL' (import-error)
    tests/test_mapbox_integration.py:32:8: C0415: Import outside toplevel (importlib.util) (import-outside-toplevel)
    tests/test_mapbox_integration.py:42:8: C0415: Import outside toplevel (shutil) (import-outside-toplevel)
    tests/test_mapbox_integration.py:28:8: W0201: Attribute 'test_dir' defined outside __init__ (attribute-defined-outside-init)
    tests/test_mapbox_integration.py:29:8: W0201: Attribute 'scripts_dir' defined outside __init__ (attribute-defined-outside-init)
    tests/test_mapbox_integration.py:37:8: W0201: Attribute 'module' defined outside __init__ (attribute-defined-outside-init)
    tests/test_mapbox_integration.py:139:8: C0415: Import outside toplevel (shutil) (import-outside-toplevel)
    tests/test_mapbox_integration.py:145:8: C0415: Import outside toplevel (subprocess) (import-outside-toplevel)
    tests/test_mapbox_integration.py:151:17: W1510: 'subprocess.run' used without explicitly defining the value for 'check'. (subprocess-run-check)
    tests/test_mapbox_integration.py:167:8: C0415: Import outside toplevel (subprocess) (import-outside-toplevel)
    tests/test_mapbox_integration.py:172:17: W1510: 'subprocess.run' used without explicitly defining the value for 'check'. (subprocess-run-check)
    tests/test_mapbox_integration.py:183:8: C0415: Import outside toplevel (subprocess) (import-outside-toplevel)
    tests/test_mapbox_integration.py:189:17: W1510: 'subprocess.run' used without explicitly defining the value for 'check'. (subprocess-run-check)
    tests/test_mapbox_integration.py:134:8: W0201: Attribute 'test_dir' defined outside __init__ (attribute-defined-outside-init)
    tests/test_mapbox_integration.py:135:8: W0201: Attribute 'scripts_dir' defined outside __init__ (attribute-defined-outside-init)
    
    -----------------------------------
    Your code has been rated at 4.47/10

❌ [ERROR] tests/test_metrics.py
    ************* Module tests.test_metrics
    tests/test_metrics.py:33:0: C0303: Trailing whitespace (trailing-whitespace)
    tests/test_metrics.py:37:0: C0303: Trailing whitespace (trailing-whitespace)
    tests/test_metrics.py:39:0: C0303: Trailing whitespace (trailing-whitespace)
    tests/test_metrics.py:41:0: C0303: Trailing whitespace (trailing-whitespace)
    tests/test_metrics.py:48:0: C0303: Trailing whitespace (trailing-whitespace)
    tests/test_metrics.py:52:0: C0303: Trailing whitespace (trailing-whitespace)
    tests/test_metrics.py:61:0: C0303: Trailing whitespace (trailing-whitespace)
    tests/test_metrics.py:75:0: C0303: Trailing whitespace (trailing-whitespace)
    tests/test_metrics.py:79:0: C0303: Trailing whitespace (trailing-whitespace)
    tests/test_metrics.py:81:0: C0303: Trailing whitespace (trailing-whitespace)
    tests/test_metrics.py:90:0: C0303: Trailing whitespace (trailing-whitespace)
    tests/test_metrics.py:98:0: C0303: Trailing whitespace (trailing-whitespace)
    tests/test_metrics.py:107:0: C0303: Trailing whitespace (trailing-whitespace)
    tests/test_metrics.py:115:0: C0303: Trailing whitespace (trailing-whitespace)
    tests/test_metrics.py:124:0: C0303: Trailing whitespace (trailing-whitespace)
    tests/test_metrics.py:130:0: C0303: Trailing whitespace (trailing-whitespace)
    tests/test_metrics.py:134:0: C0303: Trailing whitespace (trailing-whitespace)
    tests/test_metrics.py:138:0: C0303: Trailing whitespace (trailing-whitespace)
    tests/test_metrics.py:144:0: C0303: Trailing whitespace (trailing-whitespace)
    tests/test_metrics.py:147:0: C0303: Trailing whitespace (trailing-whitespace)
    tests/test_metrics.py:151:0: C0303: Trailing whitespace (trailing-whitespace)
    tests/test_metrics.py:157:0: C0303: Trailing whitespace (trailing-whitespace)
    tests/test_metrics.py:163:0: C0303: Trailing whitespace (trailing-whitespace)
    tests/test_metrics.py:174:0: C0303: Trailing whitespace (trailing-whitespace)
    tests/test_metrics.py:184:0: C0303: Trailing whitespace (trailing-whitespace)
    tests/test_metrics.py:190:0: C0303: Trailing whitespace (trailing-whitespace)
    tests/test_metrics.py:197:0: C0303: Trailing whitespace (trailing-whitespace)
    tests/test_metrics.py:202:0: C0303: Trailing whitespace (trailing-whitespace)
    tests/test_metrics.py:204:0: C0303: Trailing whitespace (trailing-whitespace)
    tests/test_metrics.py:209:0: C0303: Trailing whitespace (trailing-whitespace)
    tests/test_metrics.py:211:0: C0303: Trailing whitespace (trailing-whitespace)
    tests/test_metrics.py:215:0: C0303: Trailing whitespace (trailing-whitespace)
    tests/test_metrics.py:222:0: C0303: Trailing whitespace (trailing-whitespace)
    tests/test_metrics.py:228:0: C0303: Trailing whitespace (trailing-whitespace)
    tests/test_metrics.py:231:0: C0303: Trailing whitespace (trailing-whitespace)
    tests/test_metrics.py:238:0: C0303: Trailing whitespace (trailing-whitespace)
    tests/test_metrics.py:243:0: C0303: Trailing whitespace (trailing-whitespace)
    tests/test_metrics.py:250:0: C0303: Trailing whitespace (trailing-whitespace)
    tests/test_metrics.py:252:0: C0303: Trailing whitespace (trailing-whitespace)
    tests/test_metrics.py:7:0: E0401: Unable to import 'pytest' (import-error)
    tests/test_metrics.py:17:0: E0401: Unable to import 'lib.metrics' (import-error)
    tests/test_metrics.py:17:0: C0413: Import "from lib.metrics import record_workflow_run, load_workflow_metrics, save_workflow_metrics, check_failure_threshold, reset_failure_count, get_all_workflow_metrics" should be placed at the top of the module (wrong-import-position)
    tests/test_metrics.py:49:44: W0621: Redefining name 'temp_metrics_dir' from outer scope (line 28) (redefined-outer-name)
    tests/test_metrics.py:49:44: W0613: Unused argument 'temp_metrics_dir' (unused-argument)
    tests/test_metrics.py:62:41: W0621: Redefining name 'temp_metrics_dir' from outer scope (line 28) (redefined-outer-name)
    tests/test_metrics.py:77:13: W1514: Using open without explicitly specifying an encoding (unspecified-encoding)
    tests/test_metrics.py:91:41: W0621: Redefining name 'temp_metrics_dir' from outer scope (line 28) (redefined-outer-name)
    tests/test_metrics.py:91:41: W0613: Unused argument 'temp_metrics_dir' (unused-argument)
    tests/test_metrics.py:108:37: W0621: Redefining name 'temp_metrics_dir' from outer scope (line 28) (redefined-outer-name)
    tests/test_metrics.py:108:37: W0613: Unused argument 'temp_metrics_dir' (unused-argument)
    tests/test_metrics.py:125:50: W0621: Redefining name 'temp_metrics_dir' from outer scope (line 28) (redefined-outer-name)
    tests/test_metrics.py:125:50: W0613: Unused argument 'temp_metrics_dir' (unused-argument)
    tests/test_metrics.py:139:57: W0621: Redefining name 'temp_metrics_dir' from outer scope (line 28) (redefined-outer-name)
    tests/test_metrics.py:139:57: W0613: Unused argument 'temp_metrics_dir' (unused-argument)
    tests/test_metrics.py:152:48: W0621: Redefining name 'temp_metrics_dir' from outer scope (line 28) (redefined-outer-name)
    tests/test_metrics.py:152:48: W0613: Unused argument 'temp_metrics_dir' (unused-argument)
    tests/test_metrics.py:164:38: W0621: Redefining name 'temp_metrics_dir' from outer scope (line 28) (redefined-outer-name)
    tests/test_metrics.py:164:38: W0613: Unused argument 'temp_metrics_dir' (unused-argument)
    tests/test_metrics.py:185:37: W0621: Redefining name 'temp_metrics_dir' from outer scope (line 28) (redefined-outer-name)
    tests/test_metrics.py:185:37: W0613: Unused argument 'temp_metrics_dir' (unused-argument)
    tests/test_metrics.py:188:12: W0612: Unused variable 'i' (unused-variable)
    tests/test_metrics.py:198:42: W0621: Redefining name 'temp_metrics_dir' from outer scope (line 28) (redefined-outer-name)
    tests/test_metrics.py:198:42: W0613: Unused argument 'temp_metrics_dir' (unused-argument)
    tests/test_metrics.py:205:38: W0621: Redefining name 'temp_metrics_dir' from outer scope (line 28) (redefined-outer-name)
    tests/test_metrics.py:205:38: W0613: Unused argument 'temp_metrics_dir' (unused-argument)
    tests/test_metrics.py:212:36: W0621: Redefining name 'temp_metrics_dir' from outer scope (line 28) (redefined-outer-name)
    tests/test_metrics.py:212:36: W0613: Unused argument 'temp_metrics_dir' (unused-argument)
    tests/test_metrics.py:223:39: W0621: Redefining name 'temp_metrics_dir' from outer scope (line 28) (redefined-outer-name)
    tests/test_metrics.py:223:39: W0613: Unused argument 'temp_metrics_dir' (unused-argument)
    tests/test_metrics.py:220:0: R0903: Too few public methods (1/2) (too-few-public-methods)
    tests/test_metrics.py:239:41: W0621: Redefining name 'temp_metrics_dir' from outer scope (line 28) (redefined-outer-name)
    tests/test_metrics.py:239:41: W0613: Unused argument 'temp_metrics_dir' (unused-argument)
    tests/test_metrics.py:244:54: W0621: Redefining name 'temp_metrics_dir' from outer scope (line 28) (redefined-outer-name)
    tests/test_metrics.py:244:54: W0613: Unused argument 'temp_metrics_dir' (unused-argument)
    tests/test_metrics.py:8:0: C0411: standard import "sys" should be placed before third party import "pytest" (wrong-import-order)
    tests/test_metrics.py:9:0: C0411: standard import "os" should be placed before third party import "pytest" (wrong-import-order)
    tests/test_metrics.py:10:0: C0411: standard import "pathlib.Path" should be placed before third party import "pytest" (wrong-import-order)
    tests/test_metrics.py:11:0: C0411: standard import "tempfile" should be placed before third party import "pytest" (wrong-import-order)
    tests/test_metrics.py:12:0: C0411: standard import "shutil" should be placed before third party import "pytest" (wrong-import-order)
    tests/test_metrics.py:17:0: W0611: Unused save_workflow_metrics imported from lib.metrics (unused-import)
    
    -----------------------------------
    Your code has been rated at 3.07/10

❌ [ERROR] tests/test_theme_validation.py
    ************* Module tests.test_theme_validation
    tests/test_theme_validation.py:352:0: C0303: Trailing whitespace (trailing-whitespace)
    tests/test_theme_validation.py:366:0: C0303: Trailing whitespace (trailing-whitespace)
    tests/test_theme_validation.py:370:0: C0303: Trailing whitespace (trailing-whitespace)
    tests/test_theme_validation.py:382:0: C0303: Trailing whitespace (trailing-whitespace)
    tests/test_theme_validation.py:385:0: C0303: Trailing whitespace (trailing-whitespace)
    tests/test_theme_validation.py:6:0: E0401: Unable to import 'pytest' (import-error)
    tests/test_theme_validation.py:16:0: E0401: Unable to import 'lib.utils' (import-error)
    tests/test_theme_validation.py:16:0: C0413: Import "from lib.utils import load_theme, load_schema, try_validate_json" should be placed at the top of the module (wrong-import-position)
    tests/test_theme_validation.py:32:13: W1514: Using open without explicitly specifying an encoding (unspecified-encoding)
    tests/test_theme_validation.py:47:55: W0613: Unused argument 'theme_schema' (unused-argument)
    tests/test_theme_validation.py:52:39: W0613: Unused argument 'theme_schema' (unused-argument)
    tests/test_theme_validation.py:117:43: W0613: Unused argument 'theme_schema' (unused-argument)
    tests/test_theme_validation.py:144:37: W0613: Unused argument 'theme_schema' (unused-argument)
    tests/test_theme_validation.py:191:43: W0613: Unused argument 'theme_schema' (unused-argument)
    tests/test_theme_validation.py:238:38: W0613: Unused argument 'theme_schema' (unused-argument)
    tests/test_theme_validation.py:292:38: W0613: Unused argument 'theme_schema' (unused-argument)
    tests/test_theme_validation.py:351:8: C0415: Import outside toplevel (lib.utils) (import-outside-toplevel)
    tests/test_theme_validation.py:351:8: E0401: Unable to import 'lib.utils' (import-error)
    tests/test_theme_validation.py:365:8: W0212: Access to a protected member _theme_cache of a client class (protected-access)
    tests/test_theme_validation.py:376:8: W0212: Access to a protected member _theme_cache of a client class (protected-access)
    tests/test_theme_validation.py:7:0: C0411: standard import "sys" should be placed before third party import "pytest" (wrong-import-order)
    tests/test_theme_validation.py:8:0: C0411: standard import "os" should be placed before third party import "pytest" (wrong-import-order)
    tests/test_theme_validation.py:9:0: C0411: standard import "json" should be placed before third party import "pytest" (wrong-import-order)
    tests/test_theme_validation.py:10:0: C0411: standard import "tempfile" should be placed before third party import "pytest" (wrong-import-order)
    tests/test_theme_validation.py:11:0: C0411: standard import "pathlib.Path" should be placed before third party import "pytest" (wrong-import-order)
    
    -----------------------------------
    Your code has been rated at 5.13/10

❌ [ERROR] tests/test_time_utils.py
    ************* Module tests.test_time_utils
    tests/test_time_utils.py:6:0: E0401: Unable to import 'pytest' (import-error)
    tests/test_time_utils.py:7:0: C0411: standard import "datetime.datetime" should be placed before third party import "pytest" (wrong-import-order)
    tests/test_time_utils.py:6:0: W0611: Unused import pytest (unused-import)
    
    -----------------------------------
    Your code has been rated at 9.56/10

❌ [ERROR] tests/test_utils.py
    ************* Module tests.test_utils
    tests/test_utils.py:242:0: C0303: Trailing whitespace (trailing-whitespace)
    tests/test_utils.py:253:0: C0303: Trailing whitespace (trailing-whitespace)
    tests/test_utils.py:264:0: C0303: Trailing whitespace (trailing-whitespace)
    tests/test_utils.py:275:0: C0303: Trailing whitespace (trailing-whitespace)
    tests/test_utils.py:292:0: C0303: Trailing whitespace (trailing-whitespace)
    tests/test_utils.py:296:0: C0303: Trailing whitespace (trailing-whitespace)
    tests/test_utils.py:312:0: C0303: Trailing whitespace (trailing-whitespace)
    tests/test_utils.py:316:0: C0303: Trailing whitespace (trailing-whitespace)
    tests/test_utils.py:328:0: C0303: Trailing whitespace (trailing-whitespace)
    tests/test_utils.py:339:0: C0303: Trailing whitespace (trailing-whitespace)
    tests/test_utils.py:351:0: C0303: Trailing whitespace (trailing-whitespace)
    tests/test_utils.py:6:0: E0401: Unable to import 'pytest' (import-error)
    tests/test_utils.py:15:0: E0401: Unable to import 'lib.utils' (import-error)
    tests/test_utils.py:15:0: C0413: Import "from lib.utils import escape_xml, safe_get, safe_value, generate_sparkline_path, fallback_exists" should be placed at the top of the module (wrong-import-position)
    tests/test_utils.py:209:8: W0612: Unused variable 'values' (unused-variable)
    tests/test_utils.py:7:0: C0411: standard import "sys" should be placed before third party import "pytest" (wrong-import-order)
    tests/test_utils.py:8:0: C0411: standard import "os" should be placed before third party import "pytest" (wrong-import-order)
    tests/test_utils.py:9:0: C0411: standard import "tempfile" should be placed before third party import "pytest" (wrong-import-order)
    tests/test_utils.py:10:0: C0411: standard import "pathlib.Path" should be placed before third party import "pytest" (wrong-import-order)
    tests/test_utils.py:6:0: W0611: Unused import pytest (unused-import)
    
    -----------------------------------
    Your code has been rated at 8.51/10

